0:0:0:0:0:0:0:1 - - [11/Dec/2017:15:16:21 +0800] "GET / HTTP/1.1" 404 306
0:0:0:0:0:0:0:1 - - [11/Dec/2017:15:16:29 +0800] "GET / HTTP/1.1" 404 306
0:0:0:0:0:0:0:1 - - [11/Dec/2017:15:17:45 +0800] "GET / HTTP/1.1" 404 306
0:0:0:0:0:0:0:1 - - [11/Dec/2017:15:17:54 +0800] "GET /loginAuthentication HTTP/1.1" 404 306
0:0:0:0:0:0:0:1 - - [11/Dec/2017:15:18:14 +0800] "GET /loginAuthentication/tests HTTP/1.1" 200 3
0:0:0:0:0:0:0:1 - - [11/Dec/2017:15:18:21 +0800] "GET /loginAuthentication/tests HTTP/1.1" 200 4
0:0:0:0:0:0:0:1 - - [11/Dec/2017:17:29:17 +0800] "GET /GrabDomainBasicController/getAllBasic HTTP/1.1" 200 22959
0:0:0:0:0:0:0:1 - - [11/Dec/2017:17:29:17 +0800] "GET /GrabDomainBasicController/getAllBasic HTTP/1.1" 200 8206
0:0:0:0:0:0:0:1 - - [11/Dec/2017:17:29:17 +0800] "GET /css/style.css HTTP/1.1" 200 12426
0:0:0:0:0:0:0:1 - - [11/Dec/2017:17:29:17 +0800] "GET /css/font-awesome.min.css HTTP/1.1" 200 26711
0:0:0:0:0:0:0:1 - - [11/Dec/2017:17:29:17 +0800] "GET /css/bootstrap.min.css HTTP/1.1" 200 122544
0:0:0:0:0:0:0:1 - - [11/Dec/2017:17:29:17 +0800] "GET /js/jquery-2.1.4.min.js HTTP/1.1" 200 84345
0:0:0:0:0:0:0:1 - - [11/Dec/2017:17:29:17 +0800] "GET /js/bootstrap.min.js HTTP/1.1" 200 36816
0:0:0:0:0:0:0:1 - - [11/Dec/2017:17:29:17 +0800] "GET /js/admin-scripts.js HTTP/1.1" 200 3611
0:0:0:0:0:0:0:1 - - [11/Dec/2017:17:29:17 +0800] "GET /GrabDomainBasicController/images/weixin.jpg HTTP/1.1" 404 158
0:0:0:0:0:0:0:1 - - [11/Dec/2017:17:29:17 +0800] "GET /fonts/TaurusNormal.woff HTTP/1.1" 404 138
0:0:0:0:0:0:0:1 - - [11/Dec/2017:17:29:17 +0800] "GET /fonts/glyphicons-halflings-regular.woff2 HTTP/1.1" 404 155
0:0:0:0:0:0:0:1 - - [11/Dec/2017:17:29:17 +0800] "GET /GrabDomainBasicController/images/baoman/baoman_01.gif HTTP/1.1" 404 168
0:0:0:0:0:0:0:1 - - [11/Dec/2017:17:30:36 +0800] "GET /css/style.css HTTP/1.1" 200 12426
0:0:0:0:0:0:0:1 - - [11/Dec/2017:17:30:36 +0800] "GET /css/font-awesome.min.css HTTP/1.1" 200 26711
0:0:0:0:0:0:0:1 - - [11/Dec/2017:17:30:36 +0800] "GET /css/bootstrap.min.css HTTP/1.1" 200 122544
0:0:0:0:0:0:0:1 - - [11/Dec/2017:17:30:42 +0800] "GET /GrabDomainBasicController/getAllBasic HTTP/1.1" 200 22512
0:0:0:0:0:0:0:1 - - [11/Dec/2017:17:30:42 +0800] "GET /css/style.css HTTP/1.1" 200 12426
0:0:0:0:0:0:0:1 - - [11/Dec/2017:17:30:42 +0800] "GET /css/font-awesome.min.css HTTP/1.1" 200 26711
0:0:0:0:0:0:0:1 - - [11/Dec/2017:17:30:42 +0800] "GET /js/jquery-2.1.4.min.js HTTP/1.1" 200 84345
0:0:0:0:0:0:0:1 - - [11/Dec/2017:17:30:42 +0800] "GET /css/bootstrap.min.css HTTP/1.1" 200 122544
0:0:0:0:0:0:0:1 - - [11/Dec/2017:17:30:42 +0800] "GET /js/admin-scripts.js HTTP/1.1" 200 3611
0:0:0:0:0:0:0:1 - - [11/Dec/2017:17:30:42 +0800] "GET /js/bootstrap.min.js HTTP/1.1" 200 36816
0:0:0:0:0:0:0:1 - - [11/Dec/2017:17:30:42 +0800] "GET /GrabDomainBasicController/images/weixin.jpg HTTP/1.1" 404 158
0:0:0:0:0:0:0:1 - - [11/Dec/2017:17:30:42 +0800] "GET /fonts/TaurusNormal.woff HTTP/1.1" 404 138
0:0:0:0:0:0:0:1 - - [11/Dec/2017:17:30:42 +0800] "GET /GrabDomainBasicController/images/baoman/baoman_01.gif HTTP/1.1" 404 168
0:0:0:0:0:0:0:1 - - [11/Dec/2017:17:31:23 +0800] "GET /GrabDomainProcedureController/getProcedureById?grabDomainBasicId=2 HTTP/1.1" 200 22463
0:0:0:0:0:0:0:1 - - [11/Dec/2017:17:31:23 +0800] "GET /js/jquery-2.1.4.min.js HTTP/1.1" 200 84345
0:0:0:0:0:0:0:1 - - [11/Dec/2017:17:31:23 +0800] "GET /css/font-awesome.min.css HTTP/1.1" 200 26711
0:0:0:0:0:0:0:1 - - [11/Dec/2017:17:31:23 +0800] "GET /css/bootstrap.min.css HTTP/1.1" 200 122544
0:0:0:0:0:0:0:1 - - [11/Dec/2017:17:31:23 +0800] "GET /css/style.css HTTP/1.1" 200 12426
0:0:0:0:0:0:0:1 - - [11/Dec/2017:17:31:23 +0800] "GET /js/bootstrap.min.js HTTP/1.1" 200 36816
0:0:0:0:0:0:0:1 - - [11/Dec/2017:17:31:23 +0800] "GET /js/admin-scripts.js HTTP/1.1" 200 3611
0:0:0:0:0:0:0:1 - - [11/Dec/2017:17:31:23 +0800] "GET /GrabDomainProcedureController/images/weixin.jpg HTTP/1.1" 404 162
0:0:0:0:0:0:0:1 - - [11/Dec/2017:17:31:23 +0800] "GET /GrabDomainProcedureController/images/baoman/baoman_01.gif HTTP/1.1" 404 172
0:0:0:0:0:0:0:1 - - [11/Dec/2017:17:31:23 +0800] "GET /fonts/TaurusNormal.woff HTTP/1.1" 404 138
0:0:0:0:0:0:0:1 - - [11/Dec/2017:17:31:28 +0800] "GET /GrabDomainMethodController/getMethodById?grabDomainProcedureId=6 HTTP/1.1" 200 24922
0:0:0:0:0:0:0:1 - - [11/Dec/2017:17:31:28 +0800] "GET /css/font-awesome.min.css HTTP/1.1" 200 26711
0:0:0:0:0:0:0:1 - - [11/Dec/2017:17:31:28 +0800] "GET /css/bootstrap.min.css HTTP/1.1" 200 122544
0:0:0:0:0:0:0:1 - - [11/Dec/2017:17:31:28 +0800] "GET /js/jquery-2.1.4.min.js HTTP/1.1" 200 84345
0:0:0:0:0:0:0:1 - - [11/Dec/2017:17:31:28 +0800] "GET /js/bootstrap.min.js HTTP/1.1" 200 36816
0:0:0:0:0:0:0:1 - - [11/Dec/2017:17:31:28 +0800] "GET /css/style.css HTTP/1.1" 200 12426
0:0:0:0:0:0:0:1 - - [11/Dec/2017:17:31:28 +0800] "GET /js/admin-scripts.js HTTP/1.1" 200 3611
0:0:0:0:0:0:0:1 - - [11/Dec/2017:17:31:28 +0800] "GET /GrabDomainMethodController/images/baoman/baoman_01.gif HTTP/1.1" 404 169
0:0:0:0:0:0:0:1 - - [11/Dec/2017:17:31:28 +0800] "GET /GrabDomainMethodController/images/weixin.jpg HTTP/1.1" 404 159
0:0:0:0:0:0:0:1 - - [11/Dec/2017:17:31:28 +0800] "GET /fonts/TaurusNormal.woff HTTP/1.1" 404 138
0:0:0:0:0:0:0:1 - - [11/Dec/2017:17:31:49 +0800] "GET /css/style.css HTTP/1.1" 200 12426
0:0:0:0:0:0:0:1 - - [11/Dec/2017:17:31:49 +0800] "GET /css/bootstrap.min.css HTTP/1.1" 200 122544
0:0:0:0:0:0:0:1 - - [11/Dec/2017:17:31:49 +0800] "GET /css/font-awesome.min.css HTTP/1.1" 200 26711
0:0:0:0:0:0:0:1 - - [11/Dec/2017:17:31:54 +0800] "GET /GrabDomainMethodController/getMethodById?grabDomainProcedureId=1 HTTP/1.1" 200 28038
0:0:0:0:0:0:0:1 - - [11/Dec/2017:17:31:54 +0800] "GET /css/style.css HTTP/1.1" 200 12426
0:0:0:0:0:0:0:1 - - [11/Dec/2017:17:31:54 +0800] "GET /js/jquery-2.1.4.min.js HTTP/1.1" 200 84345
0:0:0:0:0:0:0:1 - - [11/Dec/2017:17:31:54 +0800] "GET /css/bootstrap.min.css HTTP/1.1" 200 122544
0:0:0:0:0:0:0:1 - - [11/Dec/2017:17:31:54 +0800] "GET /css/font-awesome.min.css HTTP/1.1" 200 26711
0:0:0:0:0:0:0:1 - - [11/Dec/2017:17:31:54 +0800] "GET /js/bootstrap.min.js HTTP/1.1" 200 36816
0:0:0:0:0:0:0:1 - - [11/Dec/2017:17:31:54 +0800] "GET /js/admin-scripts.js HTTP/1.1" 200 3611
0:0:0:0:0:0:0:1 - - [11/Dec/2017:17:31:54 +0800] "GET /GrabDomainMethodController/images/weixin.jpg HTTP/1.1" 404 159
0:0:0:0:0:0:0:1 - - [11/Dec/2017:17:31:54 +0800] "GET /GrabDomainMethodController/images/baoman/baoman_01.gif HTTP/1.1" 404 169
0:0:0:0:0:0:0:1 - - [11/Dec/2017:17:31:54 +0800] "GET /fonts/TaurusNormal.woff HTTP/1.1" 404 138
0:0:0:0:0:0:0:1 - - [11/Dec/2017:17:32:04 +0800] "GET /css/style.css HTTP/1.1" 200 12426
0:0:0:0:0:0:0:1 - - [11/Dec/2017:17:32:04 +0800] "GET /css/font-awesome.min.css HTTP/1.1" 200 26711
0:0:0:0:0:0:0:1 - - [11/Dec/2017:17:32:04 +0800] "GET /css/bootstrap.min.css HTTP/1.1" 200 122544
0:0:0:0:0:0:0:1 - - [11/Dec/2017:17:32:12 +0800] "POST /Category/delete HTTP/1.1" 404 130
0:0:0:0:0:0:0:1 - - [11/Dec/2017:17:32:19 +0800] "POST /Category/delete HTTP/1.1" 404 130
0:0:0:0:0:0:0:1 - - [11/Dec/2017:17:32:26 +0800] "GET /css/style.css HTTP/1.1" 200 12426
0:0:0:0:0:0:0:1 - - [11/Dec/2017:17:32:26 +0800] "GET /css/font-awesome.min.css HTTP/1.1" 200 26711
0:0:0:0:0:0:0:1 - - [11/Dec/2017:17:32:26 +0800] "GET /css/bootstrap.min.css HTTP/1.1" 200 122544
0:0:0:0:0:0:0:1 - - [11/Dec/2017:17:33:46 +0800] "GET /GrabDomainBasicController/getAllBasic HTTP/1.1" 200 22512
0:0:0:0:0:0:0:1 - - [11/Dec/2017:17:33:46 +0800] "GET /css/font-awesome.min.css HTTP/1.1" 200 26711
0:0:0:0:0:0:0:1 - - [11/Dec/2017:17:33:46 +0800] "GET /css/style.css HTTP/1.1" 200 12426
0:0:0:0:0:0:0:1 - - [11/Dec/2017:17:33:46 +0800] "GET /GrabDomainBasicController/images/baoman/baoman_01.gif HTTP/1.1" 404 168
0:0:0:0:0:0:0:1 - - [11/Dec/2017:17:33:46 +0800] "GET /GrabDomainBasicController/images/weixin.jpg HTTP/1.1" 404 158
0:0:0:0:0:0:0:1 - - [11/Dec/2017:17:33:46 +0800] "GET /js/jquery-2.1.4.min.js HTTP/1.1" 200 84345
0:0:0:0:0:0:0:1 - - [11/Dec/2017:17:33:46 +0800] "GET /css/bootstrap.min.css HTTP/1.1" 200 122544
0:0:0:0:0:0:0:1 - - [11/Dec/2017:17:33:46 +0800] "GET /js/bootstrap.min.js HTTP/1.1" 200 36816
0:0:0:0:0:0:0:1 - - [11/Dec/2017:17:33:46 +0800] "GET /js/admin-scripts.js HTTP/1.1" 200 3611
0:0:0:0:0:0:0:1 - - [11/Dec/2017:17:33:46 +0800] "GET /fonts/TaurusNormal.woff HTTP/1.1" 404 138
0:0:0:0:0:0:0:1 - - [11/Dec/2017:17:39:23 +0800] "GET /GrabDomainBasicController/postNewBasic HTTP/1.1" 405 337
0:0:0:0:0:0:0:1 - - [11/Dec/2017:17:39:27 +0800] "GET /GrabDomainBasicController/ HTTP/1.1" 404 306
0:0:0:0:0:0:0:1 - - [11/Dec/2017:17:39:31 +0800] "GET /GrabDomainBasicController/getAllBasic HTTP/1.1" 200 22512
0:0:0:0:0:0:0:1 - - [11/Dec/2017:17:39:31 +0800] "GET /css/style.css HTTP/1.1" 200 12426
0:0:0:0:0:0:0:1 - - [11/Dec/2017:17:39:31 +0800] "GET /css/font-awesome.min.css HTTP/1.1" 200 26711
0:0:0:0:0:0:0:1 - - [11/Dec/2017:17:39:31 +0800] "GET /js/jquery-2.1.4.min.js HTTP/1.1" 200 84345
0:0:0:0:0:0:0:1 - - [11/Dec/2017:17:39:31 +0800] "GET /css/bootstrap.min.css HTTP/1.1" 200 122544
0:0:0:0:0:0:0:1 - - [11/Dec/2017:17:39:31 +0800] "GET /js/bootstrap.min.js HTTP/1.1" 200 36816
0:0:0:0:0:0:0:1 - - [11/Dec/2017:17:39:31 +0800] "GET /js/admin-scripts.js HTTP/1.1" 200 3611
0:0:0:0:0:0:0:1 - - [11/Dec/2017:17:39:31 +0800] "GET /GrabDomainBasicController/images/weixin.jpg HTTP/1.1" 404 158
0:0:0:0:0:0:0:1 - - [11/Dec/2017:17:39:31 +0800] "GET /GrabDomainBasicController/images/baoman/baoman_01.gif HTTP/1.1" 404 168
0:0:0:0:0:0:0:1 - - [11/Dec/2017:17:39:31 +0800] "GET /fonts/TaurusNormal.woff HTTP/1.1" 404 138
0:0:0:0:0:0:0:1 - - [11/Dec/2017:17:40:06 +0800] "POST /GrabDomainBasicController/postNewBasic HTTP/1.1" 302 -
0:0:0:0:0:0:0:1 - - [11/Dec/2017:17:40:06 +0800] "GET /GrabDomainBasicController/getAllBasic HTTP/1.1" 200 22927
0:0:0:0:0:0:0:1 - - [11/Dec/2017:17:40:06 +0800] "GET /css/font-awesome.min.css HTTP/1.1" 200 26711
0:0:0:0:0:0:0:1 - - [11/Dec/2017:17:40:06 +0800] "GET /css/style.css HTTP/1.1" 200 12426
0:0:0:0:0:0:0:1 - - [11/Dec/2017:17:40:06 +0800] "GET /GrabDomainBasicController/images/weixin.jpg HTTP/1.1" 404 158
0:0:0:0:0:0:0:1 - - [11/Dec/2017:17:40:06 +0800] "GET /GrabDomainBasicController/images/baoman/baoman_01.gif HTTP/1.1" 404 168
0:0:0:0:0:0:0:1 - - [11/Dec/2017:17:40:06 +0800] "GET /js/jquery-2.1.4.min.js HTTP/1.1" 200 84345
0:0:0:0:0:0:0:1 - - [11/Dec/2017:17:40:06 +0800] "GET /css/bootstrap.min.css HTTP/1.1" 200 122544
0:0:0:0:0:0:0:1 - - [11/Dec/2017:17:40:06 +0800] "GET /js/bootstrap.min.js HTTP/1.1" 200 36816
0:0:0:0:0:0:0:1 - - [11/Dec/2017:17:40:06 +0800] "GET /js/admin-scripts.js HTTP/1.1" 200 3611
0:0:0:0:0:0:0:1 - - [11/Dec/2017:17:40:06 +0800] "GET /fonts/TaurusNormal.woff HTTP/1.1" 404 138
0:0:0:0:0:0:0:1 - - [11/Dec/2017:17:40:09 +0800] "GET /GrabDomainProcedureController/getProcedureById?grabDomainBasicId=8 HTTP/1.1" 200 20582
0:0:0:0:0:0:0:1 - - [11/Dec/2017:17:40:09 +0800] "GET /css/style.css HTTP/1.1" 200 12426
0:0:0:0:0:0:0:1 - - [11/Dec/2017:17:40:09 +0800] "GET /css/font-awesome.min.css HTTP/1.1" 200 26711
0:0:0:0:0:0:0:1 - - [11/Dec/2017:17:40:09 +0800] "GET /css/bootstrap.min.css HTTP/1.1" 200 122544
0:0:0:0:0:0:0:1 - - [11/Dec/2017:17:40:09 +0800] "GET /js/bootstrap.min.js HTTP/1.1" 200 36816
0:0:0:0:0:0:0:1 - - [11/Dec/2017:17:40:09 +0800] "GET /js/jquery-2.1.4.min.js HTTP/1.1" 200 84345
0:0:0:0:0:0:0:1 - - [11/Dec/2017:17:40:09 +0800] "GET /js/admin-scripts.js HTTP/1.1" 200 3611
0:0:0:0:0:0:0:1 - - [11/Dec/2017:17:40:09 +0800] "GET /GrabDomainProcedureController/images/weixin.jpg HTTP/1.1" 404 162
0:0:0:0:0:0:0:1 - - [11/Dec/2017:17:40:09 +0800] "GET /GrabDomainProcedureController/images/baoman/baoman_01.gif HTTP/1.1" 404 172
0:0:0:0:0:0:0:1 - - [11/Dec/2017:17:40:09 +0800] "GET /fonts/TaurusNormal.woff HTTP/1.1" 404 138
0:0:0:0:0:0:0:1 - - [11/Dec/2017:17:41:57 +0800] "POST /GrabDomainProcedureController/postNewProcedure HTTP/1.1" 302 -
0:0:0:0:0:0:0:1 - - [11/Dec/2017:17:41:57 +0800] "GET /GrabDomainProcedureController/getProcedureById?grabDomainBasicId=8 HTTP/1.1" 200 21103
0:0:0:0:0:0:0:1 - - [11/Dec/2017:17:41:57 +0800] "GET /css/bootstrap.min.css HTTP/1.1" 200 122544
0:0:0:0:0:0:0:1 - - [11/Dec/2017:17:41:57 +0800] "GET /css/style.css HTTP/1.1" 200 12426
0:0:0:0:0:0:0:1 - - [11/Dec/2017:17:41:57 +0800] "GET /css/font-awesome.min.css HTTP/1.1" 200 26711
0:0:0:0:0:0:0:1 - - [11/Dec/2017:17:41:57 +0800] "GET /js/jquery-2.1.4.min.js HTTP/1.1" 200 84345
0:0:0:0:0:0:0:1 - - [11/Dec/2017:17:41:57 +0800] "GET /js/bootstrap.min.js HTTP/1.1" 200 36816
0:0:0:0:0:0:0:1 - - [11/Dec/2017:17:41:57 +0800] "GET /js/admin-scripts.js HTTP/1.1" 200 3611
0:0:0:0:0:0:0:1 - - [11/Dec/2017:17:41:57 +0800] "GET /GrabDomainProcedureController/images/weixin.jpg HTTP/1.1" 404 162
0:0:0:0:0:0:0:1 - - [11/Dec/2017:17:41:57 +0800] "GET /GrabDomainProcedureController/images/baoman/baoman_01.gif HTTP/1.1" 404 172
0:0:0:0:0:0:0:1 - - [11/Dec/2017:17:41:57 +0800] "GET /fonts/TaurusNormal.woff HTTP/1.1" 404 138
0:0:0:0:0:0:0:1 - - [11/Dec/2017:17:42:07 +0800] "GET /GrabDomainMethodController/getMethodById?grabDomainProcedureId=10 HTTP/1.1" 200 23986
0:0:0:0:0:0:0:1 - - [11/Dec/2017:17:42:07 +0800] "GET /css/style.css HTTP/1.1" 200 12426
0:0:0:0:0:0:0:1 - - [11/Dec/2017:17:42:07 +0800] "GET /css/font-awesome.min.css HTTP/1.1" 200 26711
0:0:0:0:0:0:0:1 - - [11/Dec/2017:17:42:07 +0800] "GET /js/jquery-2.1.4.min.js HTTP/1.1" 200 84345
0:0:0:0:0:0:0:1 - - [11/Dec/2017:17:42:07 +0800] "GET /css/bootstrap.min.css HTTP/1.1" 200 122544
0:0:0:0:0:0:0:1 - - [11/Dec/2017:17:42:07 +0800] "GET /js/bootstrap.min.js HTTP/1.1" 200 36816
0:0:0:0:0:0:0:1 - - [11/Dec/2017:17:42:07 +0800] "GET /js/admin-scripts.js HTTP/1.1" 200 3611
0:0:0:0:0:0:0:1 - - [11/Dec/2017:17:42:07 +0800] "GET /GrabDomainMethodController/images/weixin.jpg HTTP/1.1" 404 159
0:0:0:0:0:0:0:1 - - [11/Dec/2017:17:42:07 +0800] "GET /GrabDomainMethodController/images/baoman/baoman_01.gif HTTP/1.1" 404 169
0:0:0:0:0:0:0:1 - - [11/Dec/2017:17:42:08 +0800] "GET /fonts/TaurusNormal.woff HTTP/1.1" 404 138
0:0:0:0:0:0:0:1 - - [11/Dec/2017:17:45:33 +0800] "POST /GrabDomainMethodController/postNewMethod HTTP/1.1" 302 -
0:0:0:0:0:0:0:1 - - [11/Dec/2017:17:45:33 +0800] "GET /GrabDomainMethodController/getMethodById?grabDomainProcedureId=10 HTTP/1.1" 200 23986
0:0:0:0:0:0:0:1 - - [11/Dec/2017:17:45:33 +0800] "GET /css/font-awesome.min.css HTTP/1.1" 200 26711
0:0:0:0:0:0:0:1 - - [11/Dec/2017:17:45:33 +0800] "GET /css/style.css HTTP/1.1" 200 12426
0:0:0:0:0:0:0:1 - - [11/Dec/2017:17:45:33 +0800] "GET /js/jquery-2.1.4.min.js HTTP/1.1" 200 84345
0:0:0:0:0:0:0:1 - - [11/Dec/2017:17:45:33 +0800] "GET /css/bootstrap.min.css HTTP/1.1" 200 122544
0:0:0:0:0:0:0:1 - - [11/Dec/2017:17:45:33 +0800] "GET /GrabDomainMethodController/images/weixin.jpg HTTP/1.1" 404 159
0:0:0:0:0:0:0:1 - - [11/Dec/2017:17:45:33 +0800] "GET /js/admin-scripts.js HTTP/1.1" 200 3611
0:0:0:0:0:0:0:1 - - [11/Dec/2017:17:45:33 +0800] "GET /GrabDomainMethodController/images/baoman/baoman_01.gif HTTP/1.1" 404 169
0:0:0:0:0:0:0:1 - - [11/Dec/2017:17:45:33 +0800] "GET /js/bootstrap.min.js HTTP/1.1" 200 36816
0:0:0:0:0:0:0:1 - - [11/Dec/2017:17:45:33 +0800] "GET /fonts/TaurusNormal.woff HTTP/1.1" 404 138
0:0:0:0:0:0:0:1 - - [11/Dec/2017:17:53:51 +0800] "POST /GrabDomainMethodController/postNewMethod HTTP/1.1" 302 -
0:0:0:0:0:0:0:1 - - [11/Dec/2017:17:53:51 +0800] "GET /GrabDomainMethodController/getMethodById?grabDomainProcedureId=10 HTTP/1.1" 200 23986
0:0:0:0:0:0:0:1 - - [11/Dec/2017:17:53:51 +0800] "GET /css/style.css HTTP/1.1" 200 12426
0:0:0:0:0:0:0:1 - - [11/Dec/2017:17:53:51 +0800] "GET /css/font-awesome.min.css HTTP/1.1" 200 26711
0:0:0:0:0:0:0:1 - - [11/Dec/2017:17:53:51 +0800] "GET /js/jquery-2.1.4.min.js HTTP/1.1" 200 84345
0:0:0:0:0:0:0:1 - - [11/Dec/2017:17:53:51 +0800] "GET /css/bootstrap.min.css HTTP/1.1" 200 122544
0:0:0:0:0:0:0:1 - - [11/Dec/2017:17:53:51 +0800] "GET /js/bootstrap.min.js HTTP/1.1" 200 36816
0:0:0:0:0:0:0:1 - - [11/Dec/2017:17:53:51 +0800] "GET /js/admin-scripts.js HTTP/1.1" 200 3611
0:0:0:0:0:0:0:1 - - [11/Dec/2017:17:53:51 +0800] "GET /GrabDomainMethodController/images/baoman/baoman_01.gif HTTP/1.1" 404 169
0:0:0:0:0:0:0:1 - - [11/Dec/2017:17:53:51 +0800] "GET /GrabDomainMethodController/images/weixin.jpg HTTP/1.1" 404 159
0:0:0:0:0:0:0:1 - - [11/Dec/2017:17:53:51 +0800] "GET /fonts/TaurusNormal.woff HTTP/1.1" 404 138
0:0:0:0:0:0:0:1 - - [11/Dec/2017:17:55:42 +0800] "GET /css/style.css HTTP/1.1" 200 12426
0:0:0:0:0:0:0:1 - - [11/Dec/2017:17:55:42 +0800] "GET /css/font-awesome.min.css HTTP/1.1" 200 26711
0:0:0:0:0:0:0:1 - - [11/Dec/2017:17:55:42 +0800] "GET /css/bootstrap.min.css HTTP/1.1" 200 122544
0:0:0:0:0:0:0:1 - - [11/Dec/2017:17:55:50 +0800] "POST /GrabDomainMethodController/postNewMethod HTTP/1.1" 400 363
0:0:0:0:0:0:0:1 - - [11/Dec/2017:17:56:19 +0800] "GET /css/style.css HTTP/1.1" 200 12426
0:0:0:0:0:0:0:1 - - [11/Dec/2017:17:56:19 +0800] "GET /css/bootstrap.min.css HTTP/1.1" 200 122544
0:0:0:0:0:0:0:1 - - [11/Dec/2017:17:56:19 +0800] "GET /css/font-awesome.min.css HTTP/1.1" 200 26711
0:0:0:0:0:0:0:1 - - [11/Dec/2017:17:56:21 +0800] "GET /css/style.css HTTP/1.1" 200 12426
0:0:0:0:0:0:0:1 - - [11/Dec/2017:17:56:21 +0800] "GET /css/bootstrap.min.css HTTP/1.1" 200 122544
0:0:0:0:0:0:0:1 - - [11/Dec/2017:17:56:21 +0800] "GET /css/bootstrap.min.css HTTP/1.1" 200 122544
0:0:0:0:0:0:0:1 - - [11/Dec/2017:17:56:21 +0800] "GET /css/style.css HTTP/1.1" 200 12426
0:0:0:0:0:0:0:1 - - [11/Dec/2017:17:56:24 +0800] "GET /GrabDomainBasicController/getAllBasic HTTP/1.1" 200 22927
0:0:0:0:0:0:0:1 - - [11/Dec/2017:17:56:24 +0800] "GET /css/style.css HTTP/1.1" 200 12426
0:0:0:0:0:0:0:1 - - [11/Dec/2017:17:56:24 +0800] "GET /css/bootstrap.min.css HTTP/1.1" 200 122544
0:0:0:0:0:0:0:1 - - [11/Dec/2017:17:56:24 +0800] "GET /GrabDomainBasicController/images/baoman/baoman_01.gif HTTP/1.1" 404 168
0:0:0:0:0:0:0:1 - - [11/Dec/2017:17:56:24 +0800] "GET /css/font-awesome.min.css HTTP/1.1" 200 26711
0:0:0:0:0:0:0:1 - - [11/Dec/2017:17:56:24 +0800] "GET /GrabDomainBasicController/images/weixin.jpg HTTP/1.1" 404 158
0:0:0:0:0:0:0:1 - - [11/Dec/2017:17:56:24 +0800] "GET /js/jquery-2.1.4.min.js HTTP/1.1" 200 84345
0:0:0:0:0:0:0:1 - - [11/Dec/2017:17:56:24 +0800] "GET /js/bootstrap.min.js HTTP/1.1" 200 36816
0:0:0:0:0:0:0:1 - - [11/Dec/2017:17:56:24 +0800] "GET /js/admin-scripts.js HTTP/1.1" 200 3611
0:0:0:0:0:0:0:1 - - [11/Dec/2017:17:56:24 +0800] "GET /fonts/TaurusNormal.woff HTTP/1.1" 404 138
0:0:0:0:0:0:0:1 - - [11/Dec/2017:17:56:24 +0800] "GET /GrabDomainProcedureController/getProcedureById?grabDomainBasicId=2 HTTP/1.1" 200 22463
0:0:0:0:0:0:0:1 - - [11/Dec/2017:17:56:24 +0800] "GET /css/style.css HTTP/1.1" 200 12426
0:0:0:0:0:0:0:1 - - [11/Dec/2017:17:56:24 +0800] "GET /css/font-awesome.min.css HTTP/1.1" 200 26711
0:0:0:0:0:0:0:1 - - [11/Dec/2017:17:56:24 +0800] "GET /css/bootstrap.min.css HTTP/1.1" 200 122544
0:0:0:0:0:0:0:1 - - [11/Dec/2017:17:56:24 +0800] "GET /js/jquery-2.1.4.min.js HTTP/1.1" 200 84345
0:0:0:0:0:0:0:1 - - [11/Dec/2017:17:56:24 +0800] "GET /js/bootstrap.min.js HTTP/1.1" 200 36816
0:0:0:0:0:0:0:1 - - [11/Dec/2017:17:56:24 +0800] "GET /js/admin-scripts.js HTTP/1.1" 200 3611
0:0:0:0:0:0:0:1 - - [11/Dec/2017:17:56:24 +0800] "GET /GrabDomainProcedureController/images/weixin.jpg HTTP/1.1" 404 162
0:0:0:0:0:0:0:1 - - [11/Dec/2017:17:56:24 +0800] "GET /GrabDomainProcedureController/images/baoman/baoman_01.gif HTTP/1.1" 404 172
0:0:0:0:0:0:0:1 - - [11/Dec/2017:17:56:24 +0800] "GET /fonts/TaurusNormal.woff HTTP/1.1" 404 138
0:0:0:0:0:0:0:1 - - [11/Dec/2017:17:56:28 +0800] "GET /GrabDomainMethodController/getMethodById?grabDomainProcedureId=1 HTTP/1.1" 200 28038
0:0:0:0:0:0:0:1 - - [11/Dec/2017:17:56:28 +0800] "GET /css/style.css HTTP/1.1" 200 12426
0:0:0:0:0:0:0:1 - - [11/Dec/2017:17:56:28 +0800] "GET /css/font-awesome.min.css HTTP/1.1" 200 26711
0:0:0:0:0:0:0:1 - - [11/Dec/2017:17:56:28 +0800] "GET /js/jquery-2.1.4.min.js HTTP/1.1" 200 84345
0:0:0:0:0:0:0:1 - - [11/Dec/2017:17:56:28 +0800] "GET /css/bootstrap.min.css HTTP/1.1" 200 122544
0:0:0:0:0:0:0:1 - - [11/Dec/2017:17:56:28 +0800] "GET /js/bootstrap.min.js HTTP/1.1" 200 36816
0:0:0:0:0:0:0:1 - - [11/Dec/2017:17:56:28 +0800] "GET /js/admin-scripts.js HTTP/1.1" 200 3611
0:0:0:0:0:0:0:1 - - [11/Dec/2017:17:56:28 +0800] "GET /GrabDomainMethodController/images/weixin.jpg HTTP/1.1" 404 159
0:0:0:0:0:0:0:1 - - [11/Dec/2017:17:56:28 +0800] "GET /GrabDomainMethodController/images/baoman/baoman_01.gif HTTP/1.1" 404 169
0:0:0:0:0:0:0:1 - - [11/Dec/2017:17:56:28 +0800] "GET /fonts/TaurusNormal.woff HTTP/1.1" 404 138
0:0:0:0:0:0:0:1 - - [11/Dec/2017:17:56:40 +0800] "POST /GrabDomainMethodController/postNewMethod HTTP/1.1" 302 -
0:0:0:0:0:0:0:1 - - [11/Dec/2017:17:56:40 +0800] "GET /GrabDomainMethodController/getMethodById?grabDomainProcedureId=1 HTTP/1.1" 200 28038
0:0:0:0:0:0:0:1 - - [11/Dec/2017:17:56:40 +0800] "GET /css/style.css HTTP/1.1" 200 12426
0:0:0:0:0:0:0:1 - - [11/Dec/2017:17:56:40 +0800] "GET /css/font-awesome.min.css HTTP/1.1" 200 26711
0:0:0:0:0:0:0:1 - - [11/Dec/2017:17:56:40 +0800] "GET /css/bootstrap.min.css HTTP/1.1" 200 122544
0:0:0:0:0:0:0:1 - - [11/Dec/2017:17:56:40 +0800] "GET /js/jquery-2.1.4.min.js HTTP/1.1" 200 84345
0:0:0:0:0:0:0:1 - - [11/Dec/2017:17:56:40 +0800] "GET /js/bootstrap.min.js HTTP/1.1" 200 36816
0:0:0:0:0:0:0:1 - - [11/Dec/2017:17:56:40 +0800] "GET /js/admin-scripts.js HTTP/1.1" 200 3611
0:0:0:0:0:0:0:1 - - [11/Dec/2017:17:56:40 +0800] "GET /GrabDomainMethodController/images/weixin.jpg HTTP/1.1" 404 159
0:0:0:0:0:0:0:1 - - [11/Dec/2017:17:56:40 +0800] "GET /GrabDomainMethodController/images/baoman/baoman_01.gif HTTP/1.1" 404 169
0:0:0:0:0:0:0:1 - - [11/Dec/2017:17:56:40 +0800] "GET /fonts/TaurusNormal.woff HTTP/1.1" 404 138
0:0:0:0:0:0:0:1 - - [11/Dec/2017:17:57:59 +0800] "GET /css/style.css HTTP/1.1" 200 12426
0:0:0:0:0:0:0:1 - - [11/Dec/2017:17:57:59 +0800] "GET /css/font-awesome.min.css HTTP/1.1" 200 26711
0:0:0:0:0:0:0:1 - - [11/Dec/2017:17:57:59 +0800] "GET /css/bootstrap.min.css HTTP/1.1" 200 122544
0:0:0:0:0:0:0:1 - - [11/Dec/2017:17:58:02 +0800] "GET /css/style.css HTTP/1.1" 200 12426
0:0:0:0:0:0:0:1 - - [11/Dec/2017:17:58:02 +0800] "GET /css/bootstrap.min.css HTTP/1.1" 200 122544
0:0:0:0:0:0:0:1 - - [11/Dec/2017:17:58:04 +0800] "GET /GrabDomainBasicController/getAllBasic HTTP/1.1" 200 22927
0:0:0:0:0:0:0:1 - - [11/Dec/2017:17:58:04 +0800] "GET /css/style.css HTTP/1.1" 200 12426
0:0:0:0:0:0:0:1 - - [11/Dec/2017:17:58:04 +0800] "GET /css/font-awesome.min.css HTTP/1.1" 200 26711
0:0:0:0:0:0:0:1 - - [11/Dec/2017:17:58:04 +0800] "GET /css/bootstrap.min.css HTTP/1.1" 200 122544
0:0:0:0:0:0:0:1 - - [11/Dec/2017:17:58:04 +0800] "GET /js/jquery-2.1.4.min.js HTTP/1.1" 200 84345
0:0:0:0:0:0:0:1 - - [11/Dec/2017:17:58:04 +0800] "GET /js/bootstrap.min.js HTTP/1.1" 200 36816
0:0:0:0:0:0:0:1 - - [11/Dec/2017:17:58:04 +0800] "GET /js/admin-scripts.js HTTP/1.1" 200 3611
0:0:0:0:0:0:0:1 - - [11/Dec/2017:17:58:04 +0800] "GET /GrabDomainBasicController/images/weixin.jpg HTTP/1.1" 404 158
0:0:0:0:0:0:0:1 - - [11/Dec/2017:17:58:04 +0800] "GET /GrabDomainBasicController/images/baoman/baoman_01.gif HTTP/1.1" 404 168
0:0:0:0:0:0:0:1 - - [11/Dec/2017:17:58:04 +0800] "GET /fonts/TaurusNormal.woff HTTP/1.1" 404 138
0:0:0:0:0:0:0:1 - - [11/Dec/2017:17:58:05 +0800] "GET /GrabDomainProcedureController/getProcedureById?grabDomainBasicId=2 HTTP/1.1" 200 22463
0:0:0:0:0:0:0:1 - - [11/Dec/2017:17:58:05 +0800] "GET /css/style.css HTTP/1.1" 200 12426
0:0:0:0:0:0:0:1 - - [11/Dec/2017:17:58:05 +0800] "GET /css/font-awesome.min.css HTTP/1.1" 200 26711
0:0:0:0:0:0:0:1 - - [11/Dec/2017:17:58:05 +0800] "GET /js/jquery-2.1.4.min.js HTTP/1.1" 200 84345
0:0:0:0:0:0:0:1 - - [11/Dec/2017:17:58:05 +0800] "GET /css/bootstrap.min.css HTTP/1.1" 200 122544
0:0:0:0:0:0:0:1 - - [11/Dec/2017:17:58:05 +0800] "GET /js/bootstrap.min.js HTTP/1.1" 200 36816
0:0:0:0:0:0:0:1 - - [11/Dec/2017:17:58:05 +0800] "GET /js/admin-scripts.js HTTP/1.1" 200 3611
0:0:0:0:0:0:0:1 - - [11/Dec/2017:17:58:05 +0800] "GET /GrabDomainProcedureController/images/weixin.jpg HTTP/1.1" 404 162
0:0:0:0:0:0:0:1 - - [11/Dec/2017:17:58:05 +0800] "GET /GrabDomainProcedureController/images/baoman/baoman_01.gif HTTP/1.1" 404 172
0:0:0:0:0:0:0:1 - - [11/Dec/2017:17:58:05 +0800] "GET /fonts/TaurusNormal.woff HTTP/1.1" 404 138
0:0:0:0:0:0:0:1 - - [11/Dec/2017:17:58:07 +0800] "GET /GrabDomainMethodController/getMethodById?grabDomainProcedureId=1 HTTP/1.1" 200 28038
0:0:0:0:0:0:0:1 - - [11/Dec/2017:17:58:07 +0800] "GET /css/style.css HTTP/1.1" 200 12426
0:0:0:0:0:0:0:1 - - [11/Dec/2017:17:58:07 +0800] "GET /css/font-awesome.min.css HTTP/1.1" 200 26711
0:0:0:0:0:0:0:1 - - [11/Dec/2017:17:58:07 +0800] "GET /js/jquery-2.1.4.min.js HTTP/1.1" 200 84345
0:0:0:0:0:0:0:1 - - [11/Dec/2017:17:58:07 +0800] "GET /css/bootstrap.min.css HTTP/1.1" 200 122544
0:0:0:0:0:0:0:1 - - [11/Dec/2017:17:58:07 +0800] "GET /js/bootstrap.min.js HTTP/1.1" 200 36816
0:0:0:0:0:0:0:1 - - [11/Dec/2017:17:58:07 +0800] "GET /js/admin-scripts.js HTTP/1.1" 200 3611
0:0:0:0:0:0:0:1 - - [11/Dec/2017:17:58:07 +0800] "GET /GrabDomainMethodController/images/weixin.jpg HTTP/1.1" 404 159
0:0:0:0:0:0:0:1 - - [11/Dec/2017:17:58:07 +0800] "GET /GrabDomainMethodController/images/baoman/baoman_01.gif HTTP/1.1" 404 169
0:0:0:0:0:0:0:1 - - [11/Dec/2017:17:58:07 +0800] "GET /fonts/TaurusNormal.woff HTTP/1.1" 404 138
0:0:0:0:0:0:0:1 - - [11/Dec/2017:17:58:20 +0800] "POST /GrabDomainMethodController/postNewMethod HTTP/1.1" 302 -
0:0:0:0:0:0:0:1 - - [11/Dec/2017:17:58:20 +0800] "GET /GrabDomainMethodController/getMethodById?grabDomainProcedureId=1 HTTP/1.1" 200 28978
0:0:0:0:0:0:0:1 - - [11/Dec/2017:17:58:20 +0800] "GET /css/bootstrap.min.css HTTP/1.1" 200 122544
0:0:0:0:0:0:0:1 - - [11/Dec/2017:17:58:20 +0800] "GET /css/style.css HTTP/1.1" 200 12426
0:0:0:0:0:0:0:1 - - [11/Dec/2017:17:58:20 +0800] "GET /GrabDomainMethodController/images/weixin.jpg HTTP/1.1" 404 159
0:0:0:0:0:0:0:1 - - [11/Dec/2017:17:58:20 +0800] "GET /GrabDomainMethodController/images/baoman/baoman_01.gif HTTP/1.1" 404 169
0:0:0:0:0:0:0:1 - - [11/Dec/2017:17:58:20 +0800] "GET /css/font-awesome.min.css HTTP/1.1" 200 26711
0:0:0:0:0:0:0:1 - - [11/Dec/2017:17:58:20 +0800] "GET /js/jquery-2.1.4.min.js HTTP/1.1" 200 84345
0:0:0:0:0:0:0:1 - - [11/Dec/2017:17:58:20 +0800] "GET /js/bootstrap.min.js HTTP/1.1" 200 36816
0:0:0:0:0:0:0:1 - - [11/Dec/2017:17:58:20 +0800] "GET /js/admin-scripts.js HTTP/1.1" 200 3611
0:0:0:0:0:0:0:1 - - [11/Dec/2017:17:58:20 +0800] "GET /fonts/TaurusNormal.woff HTTP/1.1" 404 138
0:0:0:0:0:0:0:1 - - [11/Dec/2017:17:59:41 +0800] "GET /css/style.css HTTP/1.1" 200 12426
0:0:0:0:0:0:0:1 - - [11/Dec/2017:17:59:41 +0800] "GET /css/font-awesome.min.css HTTP/1.1" 200 26711
0:0:0:0:0:0:0:1 - - [11/Dec/2017:17:59:41 +0800] "GET /css/bootstrap.min.css HTTP/1.1" 200 122544
0:0:0:0:0:0:0:1 - - [11/Dec/2017:17:59:42 +0800] "GET /css/style.css HTTP/1.1" 200 12426
0:0:0:0:0:0:0:1 - - [11/Dec/2017:17:59:42 +0800] "GET /css/bootstrap.min.css HTTP/1.1" 200 122544
0:0:0:0:0:0:0:1 - - [11/Dec/2017:17:59:42 +0800] "GET /css/font-awesome.min.css HTTP/1.1" 200 26711
0:0:0:0:0:0:0:1 - - [11/Dec/2017:17:59:42 +0800] "GET /css/style.css HTTP/1.1" 200 12426
0:0:0:0:0:0:0:1 - - [11/Dec/2017:17:59:42 +0800] "GET /css/font-awesome.min.css HTTP/1.1" 200 26711
0:0:0:0:0:0:0:1 - - [11/Dec/2017:17:59:42 +0800] "GET /css/bootstrap.min.css HTTP/1.1" 200 122544
0:0:0:0:0:0:0:1 - - [11/Dec/2017:17:59:44 +0800] "GET /GrabDomainBasicController/getAllBasic HTTP/1.1" 200 22927
0:0:0:0:0:0:0:1 - - [11/Dec/2017:17:59:44 +0800] "GET /css/style.css HTTP/1.1" 200 12426
0:0:0:0:0:0:0:1 - - [11/Dec/2017:17:59:44 +0800] "GET /css/font-awesome.min.css HTTP/1.1" 200 26711
0:0:0:0:0:0:0:1 - - [11/Dec/2017:17:59:44 +0800] "GET /js/jquery-2.1.4.min.js HTTP/1.1" 200 84345
0:0:0:0:0:0:0:1 - - [11/Dec/2017:17:59:44 +0800] "GET /js/bootstrap.min.js HTTP/1.1" 200 36816
0:0:0:0:0:0:0:1 - - [11/Dec/2017:17:59:44 +0800] "GET /js/admin-scripts.js HTTP/1.1" 200 3611
0:0:0:0:0:0:0:1 - - [11/Dec/2017:17:59:45 +0800] "GET /GrabDomainBasicController/images/weixin.jpg HTTP/1.1" 404 158
0:0:0:0:0:0:0:1 - - [11/Dec/2017:17:59:45 +0800] "GET /css/bootstrap.min.css HTTP/1.1" 200 122544
0:0:0:0:0:0:0:1 - - [11/Dec/2017:17:59:45 +0800] "GET /GrabDomainBasicController/images/baoman/baoman_01.gif HTTP/1.1" 404 168
0:0:0:0:0:0:0:1 - - [11/Dec/2017:17:59:45 +0800] "GET /fonts/TaurusNormal.woff HTTP/1.1" 404 138
0:0:0:0:0:0:0:1 - - [11/Dec/2017:17:59:45 +0800] "GET /GrabDomainProcedureController/getProcedureById?grabDomainBasicId=2 HTTP/1.1" 200 22463
0:0:0:0:0:0:0:1 - - [11/Dec/2017:17:59:45 +0800] "GET /css/style.css HTTP/1.1" 200 12426
0:0:0:0:0:0:0:1 - - [11/Dec/2017:17:59:45 +0800] "GET /css/font-awesome.min.css HTTP/1.1" 200 26711
0:0:0:0:0:0:0:1 - - [11/Dec/2017:17:59:45 +0800] "GET /css/bootstrap.min.css HTTP/1.1" 200 122544
0:0:0:0:0:0:0:1 - - [11/Dec/2017:17:59:45 +0800] "GET /js/jquery-2.1.4.min.js HTTP/1.1" 200 84345
0:0:0:0:0:0:0:1 - - [11/Dec/2017:17:59:45 +0800] "GET /js/bootstrap.min.js HTTP/1.1" 200 36816
0:0:0:0:0:0:0:1 - - [11/Dec/2017:17:59:45 +0800] "GET /js/admin-scripts.js HTTP/1.1" 200 3611
0:0:0:0:0:0:0:1 - - [11/Dec/2017:17:59:45 +0800] "GET /GrabDomainProcedureController/images/weixin.jpg HTTP/1.1" 404 162
0:0:0:0:0:0:0:1 - - [11/Dec/2017:17:59:45 +0800] "GET /GrabDomainProcedureController/images/baoman/baoman_01.gif HTTP/1.1" 404 172
0:0:0:0:0:0:0:1 - - [11/Dec/2017:17:59:45 +0800] "GET /fonts/TaurusNormal.woff HTTP/1.1" 404 138
0:0:0:0:0:0:0:1 - - [11/Dec/2017:17:59:49 +0800] "GET /GrabDomainMethodController/getMethodById?grabDomainProcedureId=1 HTTP/1.1" 200 28978
0:0:0:0:0:0:0:1 - - [11/Dec/2017:17:59:49 +0800] "GET /css/style.css HTTP/1.1" 200 12426
0:0:0:0:0:0:0:1 - - [11/Dec/2017:17:59:49 +0800] "GET /css/bootstrap.min.css HTTP/1.1" 200 122544
0:0:0:0:0:0:0:1 - - [11/Dec/2017:17:59:49 +0800] "GET /css/font-awesome.min.css HTTP/1.1" 200 26711
0:0:0:0:0:0:0:1 - - [11/Dec/2017:17:59:49 +0800] "GET /js/bootstrap.min.js HTTP/1.1" 200 36816
0:0:0:0:0:0:0:1 - - [11/Dec/2017:17:59:49 +0800] "GET /js/jquery-2.1.4.min.js HTTP/1.1" 200 84345
0:0:0:0:0:0:0:1 - - [11/Dec/2017:17:59:49 +0800] "GET /js/admin-scripts.js HTTP/1.1" 200 3611
0:0:0:0:0:0:0:1 - - [11/Dec/2017:17:59:49 +0800] "GET /GrabDomainMethodController/images/weixin.jpg HTTP/1.1" 404 159
0:0:0:0:0:0:0:1 - - [11/Dec/2017:17:59:49 +0800] "GET /GrabDomainMethodController/images/baoman/baoman_01.gif HTTP/1.1" 404 169
0:0:0:0:0:0:0:1 - - [11/Dec/2017:17:59:49 +0800] "GET /fonts/TaurusNormal.woff HTTP/1.1" 404 138
0:0:0:0:0:0:0:1 - - [11/Dec/2017:18:01:44 +0800] "POST /GrabDomainMethodController/postNewMethod HTTP/1.1" 302 -
0:0:0:0:0:0:0:1 - - [11/Dec/2017:18:01:44 +0800] "GET /GrabDomainMethodController/getMethodById?grabDomainProcedureId=1 HTTP/1.1" 200 28978
0:0:0:0:0:0:0:1 - - [11/Dec/2017:18:01:44 +0800] "GET /css/style.css HTTP/1.1" 200 12426
0:0:0:0:0:0:0:1 - - [11/Dec/2017:18:01:44 +0800] "GET /js/jquery-2.1.4.min.js HTTP/1.1" 200 84345
0:0:0:0:0:0:0:1 - - [11/Dec/2017:18:01:44 +0800] "GET /css/font-awesome.min.css HTTP/1.1" 200 26711
0:0:0:0:0:0:0:1 - - [11/Dec/2017:18:01:44 +0800] "GET /js/bootstrap.min.js HTTP/1.1" 200 36816
0:0:0:0:0:0:0:1 - - [11/Dec/2017:18:01:44 +0800] "GET /css/bootstrap.min.css HTTP/1.1" 200 122544
0:0:0:0:0:0:0:1 - - [11/Dec/2017:18:01:44 +0800] "GET /js/admin-scripts.js HTTP/1.1" 200 3611
0:0:0:0:0:0:0:1 - - [11/Dec/2017:18:01:44 +0800] "GET /GrabDomainMethodController/images/weixin.jpg HTTP/1.1" 404 159
0:0:0:0:0:0:0:1 - - [11/Dec/2017:18:01:44 +0800] "GET /GrabDomainMethodController/images/baoman/baoman_01.gif HTTP/1.1" 404 169
0:0:0:0:0:0:0:1 - - [11/Dec/2017:18:01:44 +0800] "GET /fonts/TaurusNormal.woff HTTP/1.1" 404 138
0:0:0:0:0:0:0:1 - - [11/Dec/2017:18:02:00 +0800] "GET /css/font-awesome.min.css HTTP/1.1" 200 26711
0:0:0:0:0:0:0:1 - - [11/Dec/2017:18:02:00 +0800] "GET /css/style.css HTTP/1.1" 200 12426
0:0:0:0:0:0:0:1 - - [11/Dec/2017:18:02:00 +0800] "GET /css/bootstrap.min.css HTTP/1.1" 200 122544
0:0:0:0:0:0:0:1 - - [11/Dec/2017:18:02:02 +0800] "GET /css/style.css HTTP/1.1" 200 12426
0:0:0:0:0:0:0:1 - - [11/Dec/2017:18:02:02 +0800] "GET /css/font-awesome.min.css HTTP/1.1" 200 26711
0:0:0:0:0:0:0:1 - - [11/Dec/2017:18:02:02 +0800] "GET /css/bootstrap.min.css HTTP/1.1" 200 122544
0:0:0:0:0:0:0:1 - - [11/Dec/2017:18:02:05 +0800] "GET /GrabDomainMethodController/getMethodById?grabDomainProcedureId=6 HTTP/1.1" 200 24922
0:0:0:0:0:0:0:1 - - [11/Dec/2017:18:02:05 +0800] "GET /css/style.css HTTP/1.1" 200 12426
0:0:0:0:0:0:0:1 - - [11/Dec/2017:18:02:05 +0800] "GET /css/font-awesome.min.css HTTP/1.1" 200 26711
0:0:0:0:0:0:0:1 - - [11/Dec/2017:18:02:05 +0800] "GET /js/jquery-2.1.4.min.js HTTP/1.1" 200 84345
0:0:0:0:0:0:0:1 - - [11/Dec/2017:18:02:05 +0800] "GET /css/bootstrap.min.css HTTP/1.1" 200 122544
0:0:0:0:0:0:0:1 - - [11/Dec/2017:18:02:05 +0800] "GET /js/bootstrap.min.js HTTP/1.1" 200 36816
0:0:0:0:0:0:0:1 - - [11/Dec/2017:18:02:05 +0800] "GET /js/admin-scripts.js HTTP/1.1" 200 3611
0:0:0:0:0:0:0:1 - - [11/Dec/2017:18:02:05 +0800] "GET /GrabDomainMethodController/images/baoman/baoman_01.gif HTTP/1.1" 404 169
0:0:0:0:0:0:0:1 - - [11/Dec/2017:18:02:05 +0800] "GET /GrabDomainMethodController/images/weixin.jpg HTTP/1.1" 404 159
0:0:0:0:0:0:0:1 - - [11/Dec/2017:18:02:05 +0800] "GET /fonts/TaurusNormal.woff HTTP/1.1" 404 138
0:0:0:0:0:0:0:1 - - [11/Dec/2017:18:05:48 +0800] "GET /css/style.css HTTP/1.1" 200 12426
0:0:0:0:0:0:0:1 - - [11/Dec/2017:18:05:48 +0800] "GET /css/font-awesome.min.css HTTP/1.1" 200 26711
0:0:0:0:0:0:0:1 - - [11/Dec/2017:18:05:48 +0800] "GET /css/bootstrap.min.css HTTP/1.1" 200 122544
0:0:0:0:0:0:0:1 - - [11/Dec/2017:18:05:49 +0800] "GET /css/style.css HTTP/1.1" 200 12426
0:0:0:0:0:0:0:1 - - [11/Dec/2017:18:05:49 +0800] "GET /css/font-awesome.min.css HTTP/1.1" 200 26711
0:0:0:0:0:0:0:1 - - [11/Dec/2017:18:05:49 +0800] "GET /css/bootstrap.min.css HTTP/1.1" 200 122544
0:0:0:0:0:0:0:1 - - [11/Dec/2017:18:05:52 +0800] "GET /GrabDomainBasicController/getAllBasic HTTP/1.1" 200 22927
0:0:0:0:0:0:0:1 - - [11/Dec/2017:18:05:52 +0800] "GET /css/font-awesome.min.css HTTP/1.1" 200 26711
0:0:0:0:0:0:0:1 - - [11/Dec/2017:18:05:52 +0800] "GET /css/style.css HTTP/1.1" 200 12426
0:0:0:0:0:0:0:1 - - [11/Dec/2017:18:05:52 +0800] "GET /css/bootstrap.min.css HTTP/1.1" 200 122544
0:0:0:0:0:0:0:1 - - [11/Dec/2017:18:05:52 +0800] "GET /js/jquery-2.1.4.min.js HTTP/1.1" 200 84345
0:0:0:0:0:0:0:1 - - [11/Dec/2017:18:05:52 +0800] "GET /js/bootstrap.min.js HTTP/1.1" 200 36816
0:0:0:0:0:0:0:1 - - [11/Dec/2017:18:05:52 +0800] "GET /js/admin-scripts.js HTTP/1.1" 200 3611
0:0:0:0:0:0:0:1 - - [11/Dec/2017:18:05:52 +0800] "GET /GrabDomainBasicController/images/baoman/baoman_01.gif HTTP/1.1" 404 168
0:0:0:0:0:0:0:1 - - [11/Dec/2017:18:05:52 +0800] "GET /GrabDomainBasicController/images/weixin.jpg HTTP/1.1" 404 158
0:0:0:0:0:0:0:1 - - [11/Dec/2017:18:05:52 +0800] "GET /fonts/TaurusNormal.woff HTTP/1.1" 404 138
0:0:0:0:0:0:0:1 - - [11/Dec/2017:18:05:53 +0800] "GET /GrabDomainProcedureController/getProcedureById?grabDomainBasicId=3 HTTP/1.1" 200 21121
0:0:0:0:0:0:0:1 - - [11/Dec/2017:18:05:53 +0800] "GET /css/style.css HTTP/1.1" 200 12426
0:0:0:0:0:0:0:1 - - [11/Dec/2017:18:05:53 +0800] "GET /css/font-awesome.min.css HTTP/1.1" 200 26711
0:0:0:0:0:0:0:1 - - [11/Dec/2017:18:05:53 +0800] "GET /css/bootstrap.min.css HTTP/1.1" 200 122544
0:0:0:0:0:0:0:1 - - [11/Dec/2017:18:05:53 +0800] "GET /js/jquery-2.1.4.min.js HTTP/1.1" 200 84345
0:0:0:0:0:0:0:1 - - [11/Dec/2017:18:05:53 +0800] "GET /js/bootstrap.min.js HTTP/1.1" 200 36816
0:0:0:0:0:0:0:1 - - [11/Dec/2017:18:05:53 +0800] "GET /js/admin-scripts.js HTTP/1.1" 200 3611
0:0:0:0:0:0:0:1 - - [11/Dec/2017:18:05:53 +0800] "GET /GrabDomainProcedureController/images/baoman/baoman_01.gif HTTP/1.1" 404 172
0:0:0:0:0:0:0:1 - - [11/Dec/2017:18:05:53 +0800] "GET /GrabDomainProcedureController/images/weixin.jpg HTTP/1.1" 404 162
0:0:0:0:0:0:0:1 - - [11/Dec/2017:18:05:53 +0800] "GET /fonts/TaurusNormal.woff HTTP/1.1" 404 138
0:0:0:0:0:0:0:1 - - [11/Dec/2017:18:05:56 +0800] "GET /GrabDomainMethodController/getMethodById?grabDomainProcedureId=9 HTTP/1.1" 200 23952
0:0:0:0:0:0:0:1 - - [11/Dec/2017:18:05:56 +0800] "GET /css/style.css HTTP/1.1" 200 12426
0:0:0:0:0:0:0:1 - - [11/Dec/2017:18:05:56 +0800] "GET /js/jquery-2.1.4.min.js HTTP/1.1" 200 84345
0:0:0:0:0:0:0:1 - - [11/Dec/2017:18:05:56 +0800] "GET /css/bootstrap.min.css HTTP/1.1" 200 122544
0:0:0:0:0:0:0:1 - - [11/Dec/2017:18:05:56 +0800] "GET /css/font-awesome.min.css HTTP/1.1" 200 26711
0:0:0:0:0:0:0:1 - - [11/Dec/2017:18:05:56 +0800] "GET /js/bootstrap.min.js HTTP/1.1" 200 36816
0:0:0:0:0:0:0:1 - - [11/Dec/2017:18:05:56 +0800] "GET /js/admin-scripts.js HTTP/1.1" 200 3611
0:0:0:0:0:0:0:1 - - [11/Dec/2017:18:05:56 +0800] "GET /GrabDomainMethodController/images/weixin.jpg HTTP/1.1" 404 159
0:0:0:0:0:0:0:1 - - [11/Dec/2017:18:05:56 +0800] "GET /GrabDomainMethodController/images/baoman/baoman_01.gif HTTP/1.1" 404 169
0:0:0:0:0:0:0:1 - - [11/Dec/2017:18:05:56 +0800] "GET /fonts/TaurusNormal.woff HTTP/1.1" 404 138
0:0:0:0:0:0:0:1 - - [11/Dec/2017:18:09:02 +0800] "GET /css/font-awesome.min.css HTTP/1.1" 200 26711
0:0:0:0:0:0:0:1 - - [11/Dec/2017:18:09:02 +0800] "GET /css/style.css HTTP/1.1" 200 12426
0:0:0:0:0:0:0:1 - - [11/Dec/2017:18:09:02 +0800] "GET /css/bootstrap.min.css HTTP/1.1" 200 122544
0:0:0:0:0:0:0:1 - - [11/Dec/2017:18:13:51 +0800] "GET /css/font-awesome.min.css HTTP/1.1" 200 26711
0:0:0:0:0:0:0:1 - - [11/Dec/2017:18:13:51 +0800] "GET /css/style.css HTTP/1.1" 200 12426
0:0:0:0:0:0:0:1 - - [11/Dec/2017:18:13:51 +0800] "GET /css/bootstrap.min.css HTTP/1.1" 200 122544
0:0:0:0:0:0:0:1 - - [11/Dec/2017:18:13:53 +0800] "GET /GrabDomainMethodController/getMethodById?grabDomainProcedureId=9 HTTP/1.1" 200 23952
0:0:0:0:0:0:0:1 - - [11/Dec/2017:18:13:53 +0800] "GET /css/style.css HTTP/1.1" 200 12426
0:0:0:0:0:0:0:1 - - [11/Dec/2017:18:13:53 +0800] "GET /css/font-awesome.min.css HTTP/1.1" 200 26711
0:0:0:0:0:0:0:1 - - [11/Dec/2017:18:13:53 +0800] "GET /js/jquery-2.1.4.min.js HTTP/1.1" 200 84345
0:0:0:0:0:0:0:1 - - [11/Dec/2017:18:13:53 +0800] "GET /css/bootstrap.min.css HTTP/1.1" 200 122544
0:0:0:0:0:0:0:1 - - [11/Dec/2017:18:13:53 +0800] "GET /js/bootstrap.min.js HTTP/1.1" 200 36816
0:0:0:0:0:0:0:1 - - [11/Dec/2017:18:13:53 +0800] "GET /js/admin-scripts.js HTTP/1.1" 200 3611
0:0:0:0:0:0:0:1 - - [11/Dec/2017:18:13:53 +0800] "GET /GrabDomainMethodController/images/weixin.jpg HTTP/1.1" 404 159
0:0:0:0:0:0:0:1 - - [11/Dec/2017:18:13:53 +0800] "GET /fonts/TaurusNormal.woff HTTP/1.1" 404 138
0:0:0:0:0:0:0:1 - - [11/Dec/2017:18:13:53 +0800] "GET /GrabDomainMethodController/images/baoman/baoman_01.gif HTTP/1.1" 404 169
0:0:0:0:0:0:0:1 - - [11/Dec/2017:18:14:48 +0800] "GET /GrabDomainMethodController/getMethodById?grabDomainProcedureId=9 HTTP/1.1" 200 23952
0:0:0:0:0:0:0:1 - - [11/Dec/2017:18:14:48 +0800] "GET /css/style.css HTTP/1.1" 200 12426
0:0:0:0:0:0:0:1 - - [11/Dec/2017:18:14:48 +0800] "GET /css/font-awesome.min.css HTTP/1.1" 200 26711
0:0:0:0:0:0:0:1 - - [11/Dec/2017:18:14:48 +0800] "GET /css/bootstrap.min.css HTTP/1.1" 200 122544
0:0:0:0:0:0:0:1 - - [11/Dec/2017:18:14:48 +0800] "GET /js/jquery-2.1.4.min.js HTTP/1.1" 200 84345
0:0:0:0:0:0:0:1 - - [11/Dec/2017:18:14:48 +0800] "GET /js/bootstrap.min.js HTTP/1.1" 200 36816
0:0:0:0:0:0:0:1 - - [11/Dec/2017:18:14:48 +0800] "GET /js/admin-scripts.js HTTP/1.1" 200 3611
0:0:0:0:0:0:0:1 - - [11/Dec/2017:18:14:48 +0800] "GET /GrabDomainMethodController/images/weixin.jpg HTTP/1.1" 404 159
0:0:0:0:0:0:0:1 - - [11/Dec/2017:18:14:48 +0800] "GET /GrabDomainMethodController/images/baoman/baoman_01.gif HTTP/1.1" 404 169
0:0:0:0:0:0:0:1 - - [11/Dec/2017:18:14:48 +0800] "GET /fonts/TaurusNormal.woff HTTP/1.1" 404 138
0:0:0:0:0:0:0:1 - - [11/Dec/2017:18:16:12 +0800] "GET /css/style.css HTTP/1.1" 200 12426
0:0:0:0:0:0:0:1 - - [11/Dec/2017:18:16:12 +0800] "GET /css/font-awesome.min.css HTTP/1.1" 200 26711
0:0:0:0:0:0:0:1 - - [11/Dec/2017:18:16:12 +0800] "GET /css/bootstrap.min.css HTTP/1.1" 200 122544
0:0:0:0:0:0:0:1 - - [11/Dec/2017:18:16:14 +0800] "GET /GrabDomainMethodController/getMethodById?grabDomainProcedureId=9 HTTP/1.1" 200 23952
0:0:0:0:0:0:0:1 - - [11/Dec/2017:18:16:14 +0800] "GET /css/style.css HTTP/1.1" 200 12426
0:0:0:0:0:0:0:1 - - [11/Dec/2017:18:16:14 +0800] "GET /css/font-awesome.min.css HTTP/1.1" 200 26711
0:0:0:0:0:0:0:1 - - [11/Dec/2017:18:16:14 +0800] "GET /css/bootstrap.min.css HTTP/1.1" 200 122544
0:0:0:0:0:0:0:1 - - [11/Dec/2017:18:16:14 +0800] "GET /js/jquery-2.1.4.min.js HTTP/1.1" 200 84345
0:0:0:0:0:0:0:1 - - [11/Dec/2017:18:16:14 +0800] "GET /js/bootstrap.min.js HTTP/1.1" 200 36816
0:0:0:0:0:0:0:1 - - [11/Dec/2017:18:16:14 +0800] "GET /js/admin-scripts.js HTTP/1.1" 200 3611
0:0:0:0:0:0:0:1 - - [11/Dec/2017:18:16:14 +0800] "GET /GrabDomainMethodController/images/weixin.jpg HTTP/1.1" 404 159
0:0:0:0:0:0:0:1 - - [11/Dec/2017:18:16:14 +0800] "GET /GrabDomainMethodController/images/baoman/baoman_01.gif HTTP/1.1" 404 169
0:0:0:0:0:0:0:1 - - [11/Dec/2017:18:16:14 +0800] "GET /fonts/TaurusNormal.woff HTTP/1.1" 404 138
0:0:0:0:0:0:0:1 - - [11/Dec/2017:18:16:16 +0800] "GET /GrabDomainMethodController/putmenu.html HTTP/1.1" 404 306
0:0:0:0:0:0:0:1 - - [11/Dec/2017:18:16:17 +0800] "GET /css/font-awesome.min.css HTTP/1.1" 200 26711
0:0:0:0:0:0:0:1 - - [11/Dec/2017:18:16:17 +0800] "GET /css/style.css HTTP/1.1" 200 12426
0:0:0:0:0:0:0:1 - - [11/Dec/2017:18:16:17 +0800] "GET /css/bootstrap.min.css HTTP/1.1" 200 122544
0:0:0:0:0:0:0:1 - - [11/Dec/2017:18:16:19 +0800] "GET /css/style.css HTTP/1.1" 200 12426
0:0:0:0:0:0:0:1 - - [11/Dec/2017:18:16:19 +0800] "GET /css/font-awesome.min.css HTTP/1.1" 200 26711
0:0:0:0:0:0:0:1 - - [11/Dec/2017:18:16:19 +0800] "GET /css/bootstrap.min.css HTTP/1.1" 200 122544
0:0:0:0:0:0:0:1 - - [11/Dec/2017:18:16:22 +0800] "GET /GrabDomainMethodController/getMethodById?grabDomainProcedureId=9 HTTP/1.1" 200 23952
0:0:0:0:0:0:0:1 - - [11/Dec/2017:18:16:22 +0800] "GET /css/style.css HTTP/1.1" 200 12426
0:0:0:0:0:0:0:1 - - [11/Dec/2017:18:16:22 +0800] "GET /css/font-awesome.min.css HTTP/1.1" 200 26711
0:0:0:0:0:0:0:1 - - [11/Dec/2017:18:16:22 +0800] "GET /css/bootstrap.min.css HTTP/1.1" 200 122544
0:0:0:0:0:0:0:1 - - [11/Dec/2017:18:16:22 +0800] "GET /js/jquery-2.1.4.min.js HTTP/1.1" 200 84345
0:0:0:0:0:0:0:1 - - [11/Dec/2017:18:16:22 +0800] "GET /js/bootstrap.min.js HTTP/1.1" 200 36816
0:0:0:0:0:0:0:1 - - [11/Dec/2017:18:16:22 +0800] "GET /js/admin-scripts.js HTTP/1.1" 200 3611
0:0:0:0:0:0:0:1 - - [11/Dec/2017:18:16:22 +0800] "GET /GrabDomainMethodController/images/weixin.jpg HTTP/1.1" 404 159
0:0:0:0:0:0:0:1 - - [11/Dec/2017:18:16:22 +0800] "GET /GrabDomainMethodController/images/baoman/baoman_01.gif HTTP/1.1" 404 169
0:0:0:0:0:0:0:1 - - [11/Dec/2017:18:16:22 +0800] "GET /fonts/TaurusNormal.woff HTTP/1.1" 404 138
0:0:0:0:0:0:0:1 - - [11/Dec/2017:18:17:50 +0800] "GET /css/style.css HTTP/1.1" 200 12426
0:0:0:0:0:0:0:1 - - [11/Dec/2017:18:17:50 +0800] "GET /css/font-awesome.min.css HTTP/1.1" 200 26711
0:0:0:0:0:0:0:1 - - [11/Dec/2017:18:17:50 +0800] "GET /css/bootstrap.min.css HTTP/1.1" 200 122544
0:0:0:0:0:0:0:1 - - [11/Dec/2017:18:17:51 +0800] "GET /css/style.css HTTP/1.1" 200 12426
0:0:0:0:0:0:0:1 - - [11/Dec/2017:18:17:51 +0800] "GET /css/bootstrap.min.css HTTP/1.1" 200 122544
0:0:0:0:0:0:0:1 - - [11/Dec/2017:18:17:55 +0800] "GET /GrabDomainBasicController/getAllBasic HTTP/1.1" 200 22927
0:0:0:0:0:0:0:1 - - [11/Dec/2017:18:17:55 +0800] "GET /css/style.css HTTP/1.1" 200 12426
0:0:0:0:0:0:0:1 - - [11/Dec/2017:18:17:55 +0800] "GET /js/jquery-2.1.4.min.js HTTP/1.1" 200 84345
0:0:0:0:0:0:0:1 - - [11/Dec/2017:18:17:55 +0800] "GET /css/font-awesome.min.css HTTP/1.1" 200 26711
0:0:0:0:0:0:0:1 - - [11/Dec/2017:18:17:55 +0800] "GET /css/bootstrap.min.css HTTP/1.1" 200 122544
0:0:0:0:0:0:0:1 - - [11/Dec/2017:18:17:55 +0800] "GET /js/bootstrap.min.js HTTP/1.1" 200 36816
0:0:0:0:0:0:0:1 - - [11/Dec/2017:18:17:55 +0800] "GET /js/admin-scripts.js HTTP/1.1" 200 3611
0:0:0:0:0:0:0:1 - - [11/Dec/2017:18:17:55 +0800] "GET /GrabDomainBasicController/images/weixin.jpg HTTP/1.1" 404 158
0:0:0:0:0:0:0:1 - - [11/Dec/2017:18:17:55 +0800] "GET /fonts/TaurusNormal.woff HTTP/1.1" 404 138
0:0:0:0:0:0:0:1 - - [11/Dec/2017:18:17:55 +0800] "GET /GrabDomainBasicController/images/baoman/baoman_01.gif HTTP/1.1" 404 168
0:0:0:0:0:0:0:1 - - [11/Dec/2017:18:17:58 +0800] "GET /GrabDomainProcedureController/getProcedureById?grabDomainBasicId=3 HTTP/1.1" 200 21121
0:0:0:0:0:0:0:1 - - [11/Dec/2017:18:17:58 +0800] "GET /css/font-awesome.min.css HTTP/1.1" 200 26711
0:0:0:0:0:0:0:1 - - [11/Dec/2017:18:17:58 +0800] "GET /css/style.css HTTP/1.1" 200 12426
0:0:0:0:0:0:0:1 - - [11/Dec/2017:18:17:58 +0800] "GET /js/jquery-2.1.4.min.js HTTP/1.1" 200 84345
0:0:0:0:0:0:0:1 - - [11/Dec/2017:18:17:58 +0800] "GET /css/bootstrap.min.css HTTP/1.1" 200 122544
0:0:0:0:0:0:0:1 - - [11/Dec/2017:18:17:58 +0800] "GET /js/bootstrap.min.js HTTP/1.1" 200 36816
0:0:0:0:0:0:0:1 - - [11/Dec/2017:18:17:58 +0800] "GET /js/admin-scripts.js HTTP/1.1" 200 3611
0:0:0:0:0:0:0:1 - - [11/Dec/2017:18:17:58 +0800] "GET /GrabDomainProcedureController/images/weixin.jpg HTTP/1.1" 404 162
0:0:0:0:0:0:0:1 - - [11/Dec/2017:18:17:58 +0800] "GET /GrabDomainProcedureController/images/baoman/baoman_01.gif HTTP/1.1" 404 172
0:0:0:0:0:0:0:1 - - [11/Dec/2017:18:17:58 +0800] "GET /fonts/TaurusNormal.woff HTTP/1.1" 404 138
0:0:0:0:0:0:0:1 - - [11/Dec/2017:18:18:00 +0800] "GET /GrabDomainMethodController/getMethodById?grabDomainProcedureId=9 HTTP/1.1" 200 23952
0:0:0:0:0:0:0:1 - - [11/Dec/2017:18:18:00 +0800] "GET /css/style.css HTTP/1.1" 200 12426
0:0:0:0:0:0:0:1 - - [11/Dec/2017:18:18:00 +0800] "GET /css/font-awesome.min.css HTTP/1.1" 200 26711
0:0:0:0:0:0:0:1 - - [11/Dec/2017:18:18:00 +0800] "GET /js/jquery-2.1.4.min.js HTTP/1.1" 200 84345
0:0:0:0:0:0:0:1 - - [11/Dec/2017:18:18:00 +0800] "GET /css/bootstrap.min.css HTTP/1.1" 200 122544
0:0:0:0:0:0:0:1 - - [11/Dec/2017:18:18:00 +0800] "GET /js/bootstrap.min.js HTTP/1.1" 200 36816
0:0:0:0:0:0:0:1 - - [11/Dec/2017:18:18:00 +0800] "GET /js/admin-scripts.js HTTP/1.1" 200 3611
0:0:0:0:0:0:0:1 - - [11/Dec/2017:18:18:00 +0800] "GET /GrabDomainMethodController/images/weixin.jpg HTTP/1.1" 404 159
0:0:0:0:0:0:0:1 - - [11/Dec/2017:18:18:00 +0800] "GET /GrabDomainMethodController/images/baoman/baoman_01.gif HTTP/1.1" 404 169
0:0:0:0:0:0:0:1 - - [11/Dec/2017:18:18:00 +0800] "GET /fonts/TaurusNormal.woff HTTP/1.1" 404 138
0:0:0:0:0:0:0:1 - - [11/Dec/2017:18:18:47 +0800] "POST /GrabDomainMethodController/postNewMethod HTTP/1.1" 302 -
0:0:0:0:0:0:0:1 - - [11/Dec/2017:18:18:47 +0800] "GET /GrabDomainMethodController/getMethodById?grabDomainProcedureId=9 HTTP/1.1" 200 24909
0:0:0:0:0:0:0:1 - - [11/Dec/2017:18:18:47 +0800] "GET /css/style.css HTTP/1.1" 200 12426
0:0:0:0:0:0:0:1 - - [11/Dec/2017:18:18:47 +0800] "GET /css/bootstrap.min.css HTTP/1.1" 200 122544
0:0:0:0:0:0:0:1 - - [11/Dec/2017:18:18:47 +0800] "GET /js/jquery-2.1.4.min.js HTTP/1.1" 200 84345
0:0:0:0:0:0:0:1 - - [11/Dec/2017:18:18:47 +0800] "GET /css/font-awesome.min.css HTTP/1.1" 200 26711
0:0:0:0:0:0:0:1 - - [11/Dec/2017:18:18:47 +0800] "GET /js/bootstrap.min.js HTTP/1.1" 200 36816
0:0:0:0:0:0:0:1 - - [11/Dec/2017:18:18:47 +0800] "GET /js/admin-scripts.js HTTP/1.1" 200 3611
0:0:0:0:0:0:0:1 - - [11/Dec/2017:18:18:47 +0800] "GET /GrabDomainMethodController/images/weixin.jpg HTTP/1.1" 404 159
0:0:0:0:0:0:0:1 - - [11/Dec/2017:18:18:47 +0800] "GET /GrabDomainMethodController/images/baoman/baoman_01.gif HTTP/1.1" 404 169
0:0:0:0:0:0:0:1 - - [11/Dec/2017:18:18:47 +0800] "GET /fonts/TaurusNormal.woff HTTP/1.1" 404 138
0:0:0:0:0:0:0:1 - - [11/Dec/2017:18:19:46 +0800] "GET /css/style.css HTTP/1.1" 200 12426
0:0:0:0:0:0:0:1 - - [11/Dec/2017:18:19:46 +0800] "GET /css/bootstrap.min.css HTTP/1.1" 200 122544
0:0:0:0:0:0:0:1 - - [11/Dec/2017:18:19:46 +0800] "GET /css/font-awesome.min.css HTTP/1.1" 200 26711
0:0:0:0:0:0:0:1 - - [11/Dec/2017:18:19:46 +0800] "GET /css/style.css HTTP/1.1" 200 12426
0:0:0:0:0:0:0:1 - - [11/Dec/2017:18:19:46 +0800] "GET /css/font-awesome.min.css HTTP/1.1" 200 26711
0:0:0:0:0:0:0:1 - - [11/Dec/2017:18:19:46 +0800] "GET /css/bootstrap.min.css HTTP/1.1" 200 122544
0:0:0:0:0:0:0:1 - - [11/Dec/2017:18:19:48 +0800] "GET /css/style.css HTTP/1.1" 200 12426
0:0:0:0:0:0:0:1 - - [11/Dec/2017:18:19:48 +0800] "GET /css/bootstrap.min.css HTTP/1.1" 200 122544
0:0:0:0:0:0:0:1 - - [11/Dec/2017:18:19:48 +0800] "GET /css/font-awesome.min.css HTTP/1.1" 200 26711
0:0:0:0:0:0:0:1 - - [11/Dec/2017:18:20:01 +0800] "GET /loginAuthentication/doLogin?type=ccb HTTP/1.1" 200 91
0:0:0:0:0:0:0:1 - - [11/Dec/2017:18:21:07 +0800] "GET /loginAuthentication/doLogin?type=ccb HTTP/1.1" 200 91
0:0:0:0:0:0:0:1 - - [11/Dec/2017:18:21:10 +0800] "GET /loginAuthentication/doLogin?type=ccb HTTP/1.1" 200 91
0:0:0:0:0:0:0:1 - - [11/Dec/2017:18:21:20 +0800] "GET /loginAuthentication/doLogin?type=ccb HTTP/1.1" 200 91
0:0:0:0:0:0:0:1 - - [11/Dec/2017:18:21:23 +0800] "GET /loginAuthentication/doLogin?type=ccb HTTP/1.1" 200 91
0:0:0:0:0:0:0:1 - - [11/Dec/2017:18:28:41 +0800] "GET /GrabDomainBasicController/getAllBasic HTTP/1.1" 200 22927
0:0:0:0:0:0:0:1 - - [11/Dec/2017:18:28:41 +0800] "GET /css/font-awesome.min.css HTTP/1.1" 200 26711
0:0:0:0:0:0:0:1 - - [11/Dec/2017:18:28:41 +0800] "GET /css/style.css HTTP/1.1" 200 12426
0:0:0:0:0:0:0:1 - - [11/Dec/2017:18:28:41 +0800] "GET /js/jquery-2.1.4.min.js HTTP/1.1" 200 84345
0:0:0:0:0:0:0:1 - - [11/Dec/2017:18:28:41 +0800] "GET /css/bootstrap.min.css HTTP/1.1" 200 122544
0:0:0:0:0:0:0:1 - - [11/Dec/2017:18:28:41 +0800] "GET /js/bootstrap.min.js HTTP/1.1" 200 36816
0:0:0:0:0:0:0:1 - - [11/Dec/2017:18:28:41 +0800] "GET /js/admin-scripts.js HTTP/1.1" 200 3611
0:0:0:0:0:0:0:1 - - [11/Dec/2017:18:28:41 +0800] "GET /GrabDomainBasicController/images/weixin.jpg HTTP/1.1" 404 158
0:0:0:0:0:0:0:1 - - [11/Dec/2017:18:28:41 +0800] "GET /fonts/TaurusNormal.woff HTTP/1.1" 404 138
0:0:0:0:0:0:0:1 - - [11/Dec/2017:18:28:41 +0800] "GET /GrabDomainBasicController/images/baoman/baoman_01.gif HTTP/1.1" 404 168
0:0:0:0:0:0:0:1 - - [11/Dec/2017:18:28:42 +0800] "GET /GrabDomainProcedureController/getProcedureById?grabDomainBasicId=3 HTTP/1.1" 200 21121
0:0:0:0:0:0:0:1 - - [11/Dec/2017:18:28:42 +0800] "GET /css/bootstrap.min.css HTTP/1.1" 200 122544
0:0:0:0:0:0:0:1 - - [11/Dec/2017:18:28:42 +0800] "GET /css/font-awesome.min.css HTTP/1.1" 200 26711
0:0:0:0:0:0:0:1 - - [11/Dec/2017:18:28:42 +0800] "GET /css/style.css HTTP/1.1" 200 12426
0:0:0:0:0:0:0:1 - - [11/Dec/2017:18:28:42 +0800] "GET /js/jquery-2.1.4.min.js HTTP/1.1" 200 84345
0:0:0:0:0:0:0:1 - - [11/Dec/2017:18:28:42 +0800] "GET /js/bootstrap.min.js HTTP/1.1" 200 36816
0:0:0:0:0:0:0:1 - - [11/Dec/2017:18:28:42 +0800] "GET /js/admin-scripts.js HTTP/1.1" 200 3611
0:0:0:0:0:0:0:1 - - [11/Dec/2017:18:28:42 +0800] "GET /GrabDomainProcedureController/images/weixin.jpg HTTP/1.1" 404 162
0:0:0:0:0:0:0:1 - - [11/Dec/2017:18:28:42 +0800] "GET /GrabDomainProcedureController/images/baoman/baoman_01.gif HTTP/1.1" 404 172
0:0:0:0:0:0:0:1 - - [11/Dec/2017:18:28:42 +0800] "GET /fonts/TaurusNormal.woff HTTP/1.1" 404 138
0:0:0:0:0:0:0:1 - - [11/Dec/2017:18:28:44 +0800] "GET /GrabDomainMethodController/getMethodById?grabDomainProcedureId=9 HTTP/1.1" 200 24909
0:0:0:0:0:0:0:1 - - [11/Dec/2017:18:28:44 +0800] "GET /css/style.css HTTP/1.1" 200 12426
0:0:0:0:0:0:0:1 - - [11/Dec/2017:18:28:44 +0800] "GET /css/font-awesome.min.css HTTP/1.1" 200 26711
0:0:0:0:0:0:0:1 - - [11/Dec/2017:18:28:44 +0800] "GET /css/bootstrap.min.css HTTP/1.1" 200 122544
0:0:0:0:0:0:0:1 - - [11/Dec/2017:18:28:44 +0800] "GET /js/jquery-2.1.4.min.js HTTP/1.1" 200 84345
0:0:0:0:0:0:0:1 - - [11/Dec/2017:18:28:44 +0800] "GET /js/bootstrap.min.js HTTP/1.1" 200 36816
0:0:0:0:0:0:0:1 - - [11/Dec/2017:18:28:44 +0800] "GET /js/admin-scripts.js HTTP/1.1" 200 3611
0:0:0:0:0:0:0:1 - - [11/Dec/2017:18:28:44 +0800] "GET /GrabDomainMethodController/images/weixin.jpg HTTP/1.1" 404 159
0:0:0:0:0:0:0:1 - - [11/Dec/2017:18:28:44 +0800] "GET /GrabDomainMethodController/images/baoman/baoman_01.gif HTTP/1.1" 404 169
0:0:0:0:0:0:0:1 - - [11/Dec/2017:18:28:44 +0800] "GET /fonts/TaurusNormal.woff HTTP/1.1" 404 138
0:0:0:0:0:0:0:1 - - [11/Dec/2017:18:28:53 +0800] "GET /fonts/TaurusNormal.ttf HTTP/1.1" 404 137
0:0:0:0:0:0:0:1 - - [11/Dec/2017:18:28:53 +0800] "GET /css/style.css HTTP/1.1" 200 12426
0:0:0:0:0:0:0:1 - - [11/Dec/2017:18:28:53 +0800] "GET /css/bootstrap.min.css HTTP/1.1" 200 122544
0:0:0:0:0:0:0:1 - - [11/Dec/2017:18:28:53 +0800] "GET /css/font-awesome.min.css HTTP/1.1" 200 26711
0:0:0:0:0:0:0:1 - - [11/Dec/2017:18:29:00 +0800] "POST /GrabDomainMethodController/postNewMethod HTTP/1.1" 400 363
0:0:0:0:0:0:0:1 - - [11/Dec/2017:18:29:06 +0800] "GET /GrabDomainMethodController/getMethodById?grabDomainProcedureId=9 HTTP/1.1" 200 24909
0:0:0:0:0:0:0:1 - - [11/Dec/2017:18:29:06 +0800] "GET /css/style.css HTTP/1.1" 200 12426
0:0:0:0:0:0:0:1 - - [11/Dec/2017:18:29:06 +0800] "GET /css/font-awesome.min.css HTTP/1.1" 200 26711
0:0:0:0:0:0:0:1 - - [11/Dec/2017:18:29:06 +0800] "GET /js/jquery-2.1.4.min.js HTTP/1.1" 200 84345
0:0:0:0:0:0:0:1 - - [11/Dec/2017:18:29:06 +0800] "GET /css/bootstrap.min.css HTTP/1.1" 200 122544
0:0:0:0:0:0:0:1 - - [11/Dec/2017:18:29:06 +0800] "GET /js/bootstrap.min.js HTTP/1.1" 200 36816
0:0:0:0:0:0:0:1 - - [11/Dec/2017:18:29:06 +0800] "GET /js/admin-scripts.js HTTP/1.1" 200 3611
0:0:0:0:0:0:0:1 - - [11/Dec/2017:18:29:06 +0800] "GET /GrabDomainMethodController/images/weixin.jpg HTTP/1.1" 404 159
0:0:0:0:0:0:0:1 - - [11/Dec/2017:18:29:06 +0800] "GET /GrabDomainMethodController/images/baoman/baoman_01.gif HTTP/1.1" 404 169
0:0:0:0:0:0:0:1 - - [11/Dec/2017:18:29:06 +0800] "GET /fonts/TaurusNormal.woff HTTP/1.1" 404 138
0:0:0:0:0:0:0:1 - - [11/Dec/2017:18:29:19 +0800] "POST /GrabDomainMethodController/postNewMethod HTTP/1.1" 400 363
0:0:0:0:0:0:0:1 - - [11/Dec/2017:18:29:23 +0800] "GET /css/style.css HTTP/1.1" 200 12426
0:0:0:0:0:0:0:1 - - [11/Dec/2017:18:29:23 +0800] "GET /css/font-awesome.min.css HTTP/1.1" 200 26711
0:0:0:0:0:0:0:1 - - [11/Dec/2017:18:29:23 +0800] "GET /css/bootstrap.min.css HTTP/1.1" 200 122544
0:0:0:0:0:0:0:1 - - [11/Dec/2017:18:31:03 +0800] "GET /css/style.css HTTP/1.1" 200 12426
0:0:0:0:0:0:0:1 - - [11/Dec/2017:18:31:03 +0800] "GET /css/font-awesome.min.css HTTP/1.1" 200 26711
0:0:0:0:0:0:0:1 - - [11/Dec/2017:18:31:03 +0800] "GET /css/bootstrap.min.css HTTP/1.1" 200 122544
0:0:0:0:0:0:0:1 - - [11/Dec/2017:18:31:05 +0800] "GET /GrabDomainMethodController/getMethodById?grabDomainProcedureId=9 HTTP/1.1" 200 24909
0:0:0:0:0:0:0:1 - - [11/Dec/2017:18:31:05 +0800] "GET /css/style.css HTTP/1.1" 200 12426
0:0:0:0:0:0:0:1 - - [11/Dec/2017:18:31:05 +0800] "GET /css/font-awesome.min.css HTTP/1.1" 200 26711
0:0:0:0:0:0:0:1 - - [11/Dec/2017:18:31:05 +0800] "GET /css/bootstrap.min.css HTTP/1.1" 200 122544
0:0:0:0:0:0:0:1 - - [11/Dec/2017:18:31:05 +0800] "GET /js/jquery-2.1.4.min.js HTTP/1.1" 200 84345
0:0:0:0:0:0:0:1 - - [11/Dec/2017:18:31:05 +0800] "GET /js/bootstrap.min.js HTTP/1.1" 200 36816
0:0:0:0:0:0:0:1 - - [11/Dec/2017:18:31:05 +0800] "GET /js/admin-scripts.js HTTP/1.1" 200 3611
0:0:0:0:0:0:0:1 - - [11/Dec/2017:18:31:05 +0800] "GET /GrabDomainMethodController/images/weixin.jpg HTTP/1.1" 404 159
0:0:0:0:0:0:0:1 - - [11/Dec/2017:18:31:05 +0800] "GET /GrabDomainMethodController/images/baoman/baoman_01.gif HTTP/1.1" 404 169
0:0:0:0:0:0:0:1 - - [11/Dec/2017:18:31:05 +0800] "GET /fonts/TaurusNormal.woff HTTP/1.1" 404 138
0:0:0:0:0:0:0:1 - - [11/Dec/2017:18:31:16 +0800] "POST /GrabDomainMethodController/postNewMethod HTTP/1.1" 400 363
0:0:0:0:0:0:0:1 - - [11/Dec/2017:18:31:17 +0800] "GET /css/style.css HTTP/1.1" 200 12426
0:0:0:0:0:0:0:1 - - [11/Dec/2017:18:31:17 +0800] "GET /css/font-awesome.min.css HTTP/1.1" 200 26711
0:0:0:0:0:0:0:1 - - [11/Dec/2017:18:31:17 +0800] "GET /css/bootstrap.min.css HTTP/1.1" 200 122544
0:0:0:0:0:0:0:1 - - [11/Dec/2017:18:32:14 +0800] "GET /css/style.css HTTP/1.1" 200 12426
0:0:0:0:0:0:0:1 - - [11/Dec/2017:18:32:14 +0800] "GET /css/font-awesome.min.css HTTP/1.1" 200 26711
0:0:0:0:0:0:0:1 - - [11/Dec/2017:18:32:14 +0800] "GET /css/bootstrap.min.css HTTP/1.1" 200 122544
0:0:0:0:0:0:0:1 - - [11/Dec/2017:18:32:16 +0800] "GET /GrabDomainMethodController/getMethodById?grabDomainProcedureId=9 HTTP/1.1" 200 24909
0:0:0:0:0:0:0:1 - - [11/Dec/2017:18:32:16 +0800] "GET /css/style.css HTTP/1.1" 200 12426
0:0:0:0:0:0:0:1 - - [11/Dec/2017:18:32:16 +0800] "GET /css/bootstrap.min.css HTTP/1.1" 200 122544
0:0:0:0:0:0:0:1 - - [11/Dec/2017:18:32:16 +0800] "GET /css/font-awesome.min.css HTTP/1.1" 200 26711
0:0:0:0:0:0:0:1 - - [11/Dec/2017:18:32:16 +0800] "GET /js/jquery-2.1.4.min.js HTTP/1.1" 200 84345
0:0:0:0:0:0:0:1 - - [11/Dec/2017:18:32:16 +0800] "GET /js/bootstrap.min.js HTTP/1.1" 200 36816
0:0:0:0:0:0:0:1 - - [11/Dec/2017:18:32:16 +0800] "GET /js/admin-scripts.js HTTP/1.1" 200 3611
0:0:0:0:0:0:0:1 - - [11/Dec/2017:18:32:16 +0800] "GET /GrabDomainMethodController/images/weixin.jpg HTTP/1.1" 404 159
0:0:0:0:0:0:0:1 - - [11/Dec/2017:18:32:16 +0800] "GET /GrabDomainMethodController/images/baoman/baoman_01.gif HTTP/1.1" 404 169
0:0:0:0:0:0:0:1 - - [11/Dec/2017:18:32:16 +0800] "GET /fonts/TaurusNormal.woff HTTP/1.1" 404 138
0:0:0:0:0:0:0:1 - - [11/Dec/2017:18:32:24 +0800] "POST /GrabDomainMethodController/postNewMethod HTTP/1.1" 302 -
0:0:0:0:0:0:0:1 - - [11/Dec/2017:18:32:24 +0800] "GET /GrabDomainMethodController/getMethodById?grabDomainProcedureId=9 HTTP/1.1" 200 24909
0:0:0:0:0:0:0:1 - - [11/Dec/2017:18:32:24 +0800] "GET /css/style.css HTTP/1.1" 200 12426
0:0:0:0:0:0:0:1 - - [11/Dec/2017:18:32:24 +0800] "GET /css/font-awesome.min.css HTTP/1.1" 200 26711
0:0:0:0:0:0:0:1 - - [11/Dec/2017:18:32:24 +0800] "GET /js/jquery-2.1.4.min.js HTTP/1.1" 200 84345
0:0:0:0:0:0:0:1 - - [11/Dec/2017:18:32:24 +0800] "GET /css/bootstrap.min.css HTTP/1.1" 200 122544
0:0:0:0:0:0:0:1 - - [11/Dec/2017:18:32:24 +0800] "GET /js/bootstrap.min.js HTTP/1.1" 200 36816
0:0:0:0:0:0:0:1 - - [11/Dec/2017:18:32:24 +0800] "GET /js/admin-scripts.js HTTP/1.1" 200 3611
0:0:0:0:0:0:0:1 - - [11/Dec/2017:18:32:24 +0800] "GET /GrabDomainMethodController/images/weixin.jpg HTTP/1.1" 404 159
0:0:0:0:0:0:0:1 - - [11/Dec/2017:18:32:24 +0800] "GET /GrabDomainMethodController/images/baoman/baoman_01.gif HTTP/1.1" 404 169
0:0:0:0:0:0:0:1 - - [11/Dec/2017:18:32:24 +0800] "GET /fonts/TaurusNormal.woff HTTP/1.1" 404 138
0:0:0:0:0:0:0:1 - - [11/Dec/2017:18:34:26 +0800] "GET /GrabDomainMethodController/getMethodById?grabDomainProcedureId=9 HTTP/1.1" 200 24909
0:0:0:0:0:0:0:1 - - [11/Dec/2017:18:34:26 +0800] "GET /css/style.css HTTP/1.1" 200 12426
0:0:0:0:0:0:0:1 - - [11/Dec/2017:18:34:26 +0800] "GET /css/font-awesome.min.css HTTP/1.1" 200 26711
0:0:0:0:0:0:0:1 - - [11/Dec/2017:18:34:26 +0800] "GET /js/jquery-2.1.4.min.js HTTP/1.1" 200 84345
0:0:0:0:0:0:0:1 - - [11/Dec/2017:18:34:26 +0800] "GET /css/bootstrap.min.css HTTP/1.1" 200 122544
0:0:0:0:0:0:0:1 - - [11/Dec/2017:18:34:26 +0800] "GET /js/admin-scripts.js HTTP/1.1" 200 3611
0:0:0:0:0:0:0:1 - - [11/Dec/2017:18:34:26 +0800] "GET /js/bootstrap.min.js HTTP/1.1" 200 36816
0:0:0:0:0:0:0:1 - - [11/Dec/2017:18:34:26 +0800] "GET /fonts/TaurusNormal.woff HTTP/1.1" 404 138
0:0:0:0:0:0:0:1 - - [11/Dec/2017:18:34:26 +0800] "GET /GrabDomainMethodController/images/baoman/baoman_01.gif HTTP/1.1" 404 169
0:0:0:0:0:0:0:1 - - [11/Dec/2017:18:34:26 +0800] "GET /GrabDomainMethodController/images/weixin.jpg HTTP/1.1" 404 159
0:0:0:0:0:0:0:1 - - [11/Dec/2017:18:34:27 +0800] "GET /GrabDomainMethodController/getMethodById?grabDomainProcedureId=9 HTTP/1.1" 200 24909
0:0:0:0:0:0:0:1 - - [11/Dec/2017:18:34:27 +0800] "GET /css/style.css HTTP/1.1" 200 12426
0:0:0:0:0:0:0:1 - - [11/Dec/2017:18:34:27 +0800] "GET /css/bootstrap.min.css HTTP/1.1" 200 122544
0:0:0:0:0:0:0:1 - - [11/Dec/2017:18:34:27 +0800] "GET /css/font-awesome.min.css HTTP/1.1" 200 26711
0:0:0:0:0:0:0:1 - - [11/Dec/2017:18:34:27 +0800] "GET /js/jquery-2.1.4.min.js HTTP/1.1" 200 84345
0:0:0:0:0:0:0:1 - - [11/Dec/2017:18:34:27 +0800] "GET /js/bootstrap.min.js HTTP/1.1" 200 36816
0:0:0:0:0:0:0:1 - - [11/Dec/2017:18:34:27 +0800] "GET /js/admin-scripts.js HTTP/1.1" 200 3611
0:0:0:0:0:0:0:1 - - [11/Dec/2017:18:34:27 +0800] "GET /GrabDomainMethodController/images/weixin.jpg HTTP/1.1" 404 159
0:0:0:0:0:0:0:1 - - [11/Dec/2017:18:34:28 +0800] "GET /GrabDomainMethodController/images/baoman/baoman_01.gif HTTP/1.1" 404 169
0:0:0:0:0:0:0:1 - - [11/Dec/2017:18:34:28 +0800] "GET /fonts/TaurusNormal.woff HTTP/1.1" 404 138
0:0:0:0:0:0:0:1 - - [11/Dec/2017:18:34:35 +0800] "POST /GrabDomainMethodController/postNewMethod HTTP/1.1" 302 -
0:0:0:0:0:0:0:1 - - [11/Dec/2017:18:34:35 +0800] "GET /GrabDomainMethodController/getMethodById?grabDomainProcedureId=9 HTTP/1.1" 200 25858
0:0:0:0:0:0:0:1 - - [11/Dec/2017:18:34:35 +0800] "GET /css/style.css HTTP/1.1" 200 12426
0:0:0:0:0:0:0:1 - - [11/Dec/2017:18:34:35 +0800] "GET /css/font-awesome.min.css HTTP/1.1" 200 26711
0:0:0:0:0:0:0:1 - - [11/Dec/2017:18:34:35 +0800] "GET /css/bootstrap.min.css HTTP/1.1" 200 122544
0:0:0:0:0:0:0:1 - - [11/Dec/2017:18:34:35 +0800] "GET /js/bootstrap.min.js HTTP/1.1" 200 36816
0:0:0:0:0:0:0:1 - - [11/Dec/2017:18:34:35 +0800] "GET /js/jquery-2.1.4.min.js HTTP/1.1" 200 84345
0:0:0:0:0:0:0:1 - - [11/Dec/2017:18:34:35 +0800] "GET /js/admin-scripts.js HTTP/1.1" 200 3611
0:0:0:0:0:0:0:1 - - [11/Dec/2017:18:34:35 +0800] "GET /GrabDomainMethodController/images/weixin.jpg HTTP/1.1" 404 159
0:0:0:0:0:0:0:1 - - [11/Dec/2017:18:34:35 +0800] "GET /GrabDomainMethodController/images/baoman/baoman_01.gif HTTP/1.1" 404 169
0:0:0:0:0:0:0:1 - - [11/Dec/2017:18:34:35 +0800] "GET /fonts/TaurusNormal.woff HTTP/1.1" 404 138
0:0:0:0:0:0:0:1 - - [11/Dec/2017:18:35:27 +0800] "GET /GrabDomainMethodController/getMethodById?grabDomainProcedureId=9 HTTP/1.1" 200 25858
0:0:0:0:0:0:0:1 - - [11/Dec/2017:18:35:27 +0800] "GET /css/bootstrap.min.css HTTP/1.1" 200 122544
0:0:0:0:0:0:0:1 - - [11/Dec/2017:18:35:27 +0800] "GET /css/style.css HTTP/1.1" 200 12426
0:0:0:0:0:0:0:1 - - [11/Dec/2017:18:35:27 +0800] "GET /css/font-awesome.min.css HTTP/1.1" 200 26711
0:0:0:0:0:0:0:1 - - [11/Dec/2017:18:35:27 +0800] "GET /js/jquery-2.1.4.min.js HTTP/1.1" 200 84345
0:0:0:0:0:0:0:1 - - [11/Dec/2017:18:35:27 +0800] "GET /js/bootstrap.min.js HTTP/1.1" 200 36816
0:0:0:0:0:0:0:1 - - [11/Dec/2017:18:35:27 +0800] "GET /js/admin-scripts.js HTTP/1.1" 200 3611
0:0:0:0:0:0:0:1 - - [11/Dec/2017:18:35:27 +0800] "GET /GrabDomainMethodController/images/weixin.jpg HTTP/1.1" 404 159
0:0:0:0:0:0:0:1 - - [11/Dec/2017:18:35:27 +0800] "GET /GrabDomainMethodController/images/baoman/baoman_01.gif HTTP/1.1" 404 169
0:0:0:0:0:0:0:1 - - [11/Dec/2017:18:35:27 +0800] "GET /fonts/TaurusNormal.woff HTTP/1.1" 404 138
0:0:0:0:0:0:0:1 - - [11/Dec/2017:18:36:16 +0800] "GET /GrabDomainMethodController/getMethodById?grabDomainProcedureId=9 HTTP/1.1" 200 24879
0:0:0:0:0:0:0:1 - - [11/Dec/2017:18:36:16 +0800] "GET /css/style.css HTTP/1.1" 200 12426
0:0:0:0:0:0:0:1 - - [11/Dec/2017:18:36:16 +0800] "GET /css/bootstrap.min.css HTTP/1.1" 200 122544
0:0:0:0:0:0:0:1 - - [11/Dec/2017:18:36:16 +0800] "GET /js/jquery-2.1.4.min.js HTTP/1.1" 200 84345
0:0:0:0:0:0:0:1 - - [11/Dec/2017:18:36:16 +0800] "GET /css/font-awesome.min.css HTTP/1.1" 200 26711
0:0:0:0:0:0:0:1 - - [11/Dec/2017:18:36:16 +0800] "GET /js/bootstrap.min.js HTTP/1.1" 200 36816
0:0:0:0:0:0:0:1 - - [11/Dec/2017:18:36:16 +0800] "GET /js/admin-scripts.js HTTP/1.1" 200 3611
0:0:0:0:0:0:0:1 - - [11/Dec/2017:18:36:16 +0800] "GET /GrabDomainMethodController/images/weixin.jpg HTTP/1.1" 404 159
0:0:0:0:0:0:0:1 - - [11/Dec/2017:18:36:16 +0800] "GET /GrabDomainMethodController/images/baoman/baoman_01.gif HTTP/1.1" 404 169
0:0:0:0:0:0:0:1 - - [11/Dec/2017:18:36:16 +0800] "GET /fonts/TaurusNormal.woff HTTP/1.1" 404 138
0:0:0:0:0:0:0:1 - - [11/Dec/2017:18:37:21 +0800] "POST /GrabDomainMethodController/postNewMethod HTTP/1.1" 302 -
0:0:0:0:0:0:0:1 - - [11/Dec/2017:18:37:21 +0800] "GET /GrabDomainMethodController/getMethodById?grabDomainProcedureId=9 HTTP/1.1" 200 24923
0:0:0:0:0:0:0:1 - - [11/Dec/2017:18:37:21 +0800] "GET /css/bootstrap.min.css HTTP/1.1" 200 122544
0:0:0:0:0:0:0:1 - - [11/Dec/2017:18:37:21 +0800] "GET /js/jquery-2.1.4.min.js HTTP/1.1" 200 84345
0:0:0:0:0:0:0:1 - - [11/Dec/2017:18:37:21 +0800] "GET /css/style.css HTTP/1.1" 200 12426
0:0:0:0:0:0:0:1 - - [11/Dec/2017:18:37:21 +0800] "GET /js/bootstrap.min.js HTTP/1.1" 200 36816
0:0:0:0:0:0:0:1 - - [11/Dec/2017:18:37:21 +0800] "GET /css/font-awesome.min.css HTTP/1.1" 200 26711
0:0:0:0:0:0:0:1 - - [11/Dec/2017:18:37:21 +0800] "GET /js/admin-scripts.js HTTP/1.1" 200 3611
0:0:0:0:0:0:0:1 - - [11/Dec/2017:18:37:21 +0800] "GET /GrabDomainMethodController/images/weixin.jpg HTTP/1.1" 404 159
0:0:0:0:0:0:0:1 - - [11/Dec/2017:18:37:21 +0800] "GET /GrabDomainMethodController/images/baoman/baoman_01.gif HTTP/1.1" 404 169
0:0:0:0:0:0:0:1 - - [11/Dec/2017:18:37:21 +0800] "GET /fonts/TaurusNormal.woff HTTP/1.1" 404 138
0:0:0:0:0:0:0:1 - - [11/Dec/2017:18:37:39 +0800] "GET /loginAuthentication/doLogin?type=ccb HTTP/1.1" 200 91
0:0:0:0:0:0:0:1 - - [11/Dec/2017:18:39:54 +0800] "GET /loginAuthentication/doLogin?type=ccb HTTP/1.1" 200 91
0:0:0:0:0:0:0:1 - - [11/Dec/2017:18:40:15 +0800] "GET /loginAuthentication/doLogin?type=ccb HTTP/1.1" 200 91
0:0:0:0:0:0:0:1 - - [11/Dec/2017:18:41:32 +0800] "GET /loginAuthentication/doLogin?type=ccb HTTP/1.1" 200 91
0:0:0:0:0:0:0:1 - - [11/Dec/2017:18:41:53 +0800] "GET /loginAuthentication/doLogin?type=ccb HTTP/1.1" 200 91
0:0:0:0:0:0:0:1 - - [11/Dec/2017:18:46:11 +0800] "GET /loginAuthentication/doLogin?type=ccb HTTP/1.1" 200 16
0:0:0:0:0:0:0:1 - - [11/Dec/2017:18:46:20 +0800] "GET /loginAuthentication/doLogin?type=ccb HTTP/1.1" 200 16
0:0:0:0:0:0:0:1 - - [11/Dec/2017:19:05:57 +0800] "GET /loginAuthentication/doLogin?type=ccb&step=1 HTTP/1.1" 404 306
0:0:0:0:0:0:0:1 - - [11/Dec/2017:19:06:18 +0800] "GET /loginAuthentication/doRequest?type=ccb&step=1 HTTP/1.1" 200 16
0:0:0:0:0:0:0:1 - - [11/Dec/2017:19:16:03 +0800] "GET /loginAuthentication/doRequest?type=ccb&step=1 HTTP/1.1" 404 306
0:0:0:0:0:0:0:1 - - [11/Dec/2017:19:16:06 +0800] "GET /loginAuthentication/doRequest?type=ccb&step=1 HTTP/1.1" 404 306
