0:0:0:0:0:0:0:1 - - [12/Dec/2017:09:47:55 +0800] "GET /GrabDomainBasicController/getAllBasic HTTP/1.1" 200 22927
0:0:0:0:0:0:0:1 - - [12/Dec/2017:09:47:55 +0800] "GET /css/font-awesome.min.css HTTP/1.1" 200 26711
0:0:0:0:0:0:0:1 - - [12/Dec/2017:09:47:55 +0800] "GET /css/style.css HTTP/1.1" 200 12426
0:0:0:0:0:0:0:1 - - [12/Dec/2017:09:47:55 +0800] "GET /css/bootstrap.min.css HTTP/1.1" 200 122544
0:0:0:0:0:0:0:1 - - [12/Dec/2017:09:47:55 +0800] "GET /js/jquery-2.1.4.min.js HTTP/1.1" 200 84345
0:0:0:0:0:0:0:1 - - [12/Dec/2017:09:47:55 +0800] "GET /js/bootstrap.min.js HTTP/1.1" 200 36816
0:0:0:0:0:0:0:1 - - [12/Dec/2017:09:47:55 +0800] "GET /js/admin-scripts.js HTTP/1.1" 200 3611
0:0:0:0:0:0:0:1 - - [12/Dec/2017:09:47:55 +0800] "GET /GrabDomainBasicController/images/weixin.jpg HTTP/1.1" 404 158
0:0:0:0:0:0:0:1 - - [12/Dec/2017:09:47:55 +0800] "GET /GrabDomainBasicController/images/baoman/baoman_01.gif HTTP/1.1" 404 168
0:0:0:0:0:0:0:1 - - [12/Dec/2017:09:47:55 +0800] "GET /fonts/TaurusNormal.woff HTTP/1.1" 404 138
0:0:0:0:0:0:0:1 - - [12/Dec/2017:09:52:43 +0800] "POST /GrabDomainBasicController/postNewBasic HTTP/1.1" 302 -
0:0:0:0:0:0:0:1 - - [12/Dec/2017:09:52:43 +0800] "GET /GrabDomainBasicController/getAllBasic HTTP/1.1" 200 23416
0:0:0:0:0:0:0:1 - - [12/Dec/2017:09:52:43 +0800] "GET /GrabDomainBasicController/images/weixin.jpg HTTP/1.1" 404 158
0:0:0:0:0:0:0:1 - - [12/Dec/2017:09:52:43 +0800] "GET /GrabDomainBasicController/images/baoman/baoman_01.gif HTTP/1.1" 404 168
0:0:0:0:0:0:0:1 - - [12/Dec/2017:09:52:43 +0800] "GET /fonts/TaurusNormal.woff HTTP/1.1" 404 138
0:0:0:0:0:0:0:1 - - [12/Dec/2017:09:52:45 +0800] "GET /GrabDomainProcedureController/getProcedureById?grabDomainBasicId=9 HTTP/1.1" 500 404
0:0:0:0:0:0:0:1 - - [12/Dec/2017:10:18:46 +0800] "GET /loginAuthentication/doLogin?type=1&userName=aa&password=1 HTTP/1.1" 404 306
0:0:0:0:0:0:0:1 - - [12/Dec/2017:10:19:34 +0800] "GET /hoomsun/reptile?type=ccb&step=1 HTTP/1.1" 400 342
0:0:0:0:0:0:0:1 - - [12/Dec/2017:10:19:38 +0800] "GET /hoomsun/reptile?type=ccb&step=1 HTTP/1.1" 400 342
0:0:0:0:0:0:0:1 - - [12/Dec/2017:10:20:09 +0800] "GET null null" 400 -
0:0:0:0:0:0:0:1 - - [12/Dec/2017:10:36:08 +0800] "GET /test/type=ccb&step=1 HTTP/1.1" 404 306
0:0:0:0:0:0:0:1 - - [12/Dec/2017:10:37:05 +0800] "GET /test/type=ccb&step=1 HTTP/1.1" 404 306
0:0:0:0:0:0:0:1 - - [12/Dec/2017:10:38:34 +0800] "GET /test/test/type=ccb&step=1 HTTP/1.1" 404 306
0:0:0:0:0:0:0:1 - - [12/Dec/2017:10:39:32 +0800] "GET /hoomsun/reptile/type=ccb&step=1 HTTP/1.1" 404 306
0:0:0:0:0:0:0:1 - - [12/Dec/2017:10:39:38 +0800] "GET /hoomsun/reptile/type=ccb&step=1 HTTP/1.1" 404 306
0:0:0:0:0:0:0:1 - - [12/Dec/2017:10:39:52 +0800] "GET /test/test?type=ccb&step=1 HTTP/1.1" 200 91
0:0:0:0:0:0:0:1 - - [12/Dec/2017:10:49:15 +0800] "GET /test/test?type=ccb&step=1 HTTP/1.1" 200 91
0:0:0:0:0:0:0:1 - - [12/Dec/2017:10:51:25 +0800] "GET /test/test?type=ccb&step=1 HTTP/1.1" 200 91
0:0:0:0:0:0:0:1 - - [12/Dec/2017:10:57:36 +0800] "GET /test/test?type=ccb&step=1 HTTP/1.1" 200 16
0:0:0:0:0:0:0:1 - - [12/Dec/2017:17:08:53 +0800] "GET /test/test?type=ccb&step=1 HTTP/1.1" 200 16
0:0:0:0:0:0:0:1 - - [12/Dec/2017:17:11:41 +0800] "GET /test/test?type=ccb&step=1 HTTP/1.1" 200 91
0:0:0:0:0:0:0:1 - - [12/Dec/2017:17:12:35 +0800] "GET /test/test?type=ccb&step=1 HTTP/1.1" 200 91
0:0:0:0:0:0:0:1 - - [12/Dec/2017:17:13:24 +0800] "GET /test/test?type=ccb&step=1 HTTP/1.1" 200 91
0:0:0:0:0:0:0:1 - - [12/Dec/2017:17:14:09 +0800] "GET /test/test?type=ccb&step=1 HTTP/1.1" 200 91
0:0:0:0:0:0:0:1 - - [12/Dec/2017:17:15:09 +0800] "GET /test/test?type=ccb&step=1 HTTP/1.1" 200 16
0:0:0:0:0:0:0:1 - - [12/Dec/2017:19:56:44 +0800] "GET /GrabDomainBasicController/getAllBasic HTTP/1.1" 200 27245
0:0:0:0:0:0:0:1 - - [12/Dec/2017:19:56:44 +0800] "GET /js/admin-scripts.js HTTP/1.1" 304 -
0:0:0:0:0:0:0:1 - - [12/Dec/2017:19:56:44 +0800] "GET /css/font-awesome.min.css HTTP/1.1" 304 -
0:0:0:0:0:0:0:1 - - [12/Dec/2017:19:56:44 +0800] "GET /css/style.css HTTP/1.1" 304 -
0:0:0:0:0:0:0:1 - - [12/Dec/2017:19:56:44 +0800] "GET /css/bootstrap.min.css HTTP/1.1" 304 -
0:0:0:0:0:0:0:1 - - [12/Dec/2017:19:56:44 +0800] "GET /js/bootstrap.min.js HTTP/1.1" 304 -
0:0:0:0:0:0:0:1 - - [12/Dec/2017:19:56:44 +0800] "GET /js/jquery-2.1.4.min.js HTTP/1.1" 304 -
0:0:0:0:0:0:0:1 - - [12/Dec/2017:19:56:44 +0800] "GET /GrabDomainBasicController/images/weixin.jpg HTTP/1.1" 404 158
0:0:0:0:0:0:0:1 - - [12/Dec/2017:19:56:44 +0800] "GET /GrabDomainBasicController/images/baoman/baoman_01.gif HTTP/1.1" 404 168
0:0:0:0:0:0:0:1 - - [12/Dec/2017:19:56:44 +0800] "GET /fonts/TaurusNormal.woff HTTP/1.1" 404 138
0:0:0:0:0:0:0:1 - - [12/Dec/2017:19:56:44 +0800] "GET /fonts/TaurusNormal.ttf HTTP/1.1" 404 137
0:0:0:0:0:0:0:1 - - [12/Dec/2017:19:56:46 +0800] "GET /GrabDomainBasicController/getBasicById?date1513079806378&id=2 HTTP/1.1" 200 359
0:0:0:0:0:0:0:1 - - [12/Dec/2017:19:56:49 +0800] "POST /GrabDomainBasicController/putBasicById HTTP/1.1" 302 -
0:0:0:0:0:0:0:1 - - [12/Dec/2017:19:56:49 +0800] "GET /GrabDomainBasicController/getAllBasic HTTP/1.1" 200 27246
0:0:0:0:0:0:0:1 - - [12/Dec/2017:19:56:49 +0800] "GET /GrabDomainBasicController/images/weixin.jpg HTTP/1.1" 404 158
0:0:0:0:0:0:0:1 - - [12/Dec/2017:19:56:49 +0800] "GET /GrabDomainBasicController/images/baoman/baoman_01.gif HTTP/1.1" 404 168
0:0:0:0:0:0:0:1 - - [12/Dec/2017:19:56:49 +0800] "GET /GrabDomainBasicController/images/weixin.jpg HTTP/1.1" 404 158
0:0:0:0:0:0:0:1 - - [12/Dec/2017:19:56:49 +0800] "GET /GrabDomainBasicController/images/baoman/baoman_01.gif HTTP/1.1" 404 168
0:0:0:0:0:0:0:1 - - [12/Dec/2017:19:56:49 +0800] "GET /fonts/TaurusNormal.woff HTTP/1.1" 404 138
0:0:0:0:0:0:0:1 - - [12/Dec/2017:19:56:49 +0800] "GET /fonts/TaurusNormal.ttf HTTP/1.1" 404 137
0:0:0:0:0:0:0:1 - - [12/Dec/2017:19:56:54 +0800] "POST /GrabDomainBasicController/postNewBasic HTTP/1.1" 302 -
0:0:0:0:0:0:0:1 - - [12/Dec/2017:19:56:54 +0800] "GET /GrabDomainBasicController/getAllBasic HTTP/1.1" 200 27924
0:0:0:0:0:0:0:1 - - [12/Dec/2017:19:56:55 +0800] "GET /GrabDomainBasicController/images/baoman/baoman_01.gif HTTP/1.1" 404 168
0:0:0:0:0:0:0:1 - - [12/Dec/2017:19:56:55 +0800] "GET /GrabDomainBasicController/images/weixin.jpg HTTP/1.1" 404 158
0:0:0:0:0:0:0:1 - - [12/Dec/2017:19:56:55 +0800] "GET /GrabDomainBasicController/images/weixin.jpg HTTP/1.1" 404 158
0:0:0:0:0:0:0:1 - - [12/Dec/2017:19:56:55 +0800] "GET /GrabDomainBasicController/images/baoman/baoman_01.gif HTTP/1.1" 404 168
0:0:0:0:0:0:0:1 - - [12/Dec/2017:19:56:55 +0800] "GET /fonts/TaurusNormal.woff HTTP/1.1" 404 138
0:0:0:0:0:0:0:1 - - [12/Dec/2017:19:56:55 +0800] "GET /fonts/TaurusNormal.ttf HTTP/1.1" 404 137
0:0:0:0:0:0:0:1 - - [12/Dec/2017:19:56:57 +0800] "GET /GrabDomainBasicController/deleteBasicById?id=22 HTTP/1.1" 302 -
0:0:0:0:0:0:0:1 - - [12/Dec/2017:19:56:57 +0800] "GET /GrabDomainBasicController/getAllBasic HTTP/1.1" 200 27246
0:0:0:0:0:0:0:1 - - [12/Dec/2017:19:56:57 +0800] "GET /GrabDomainBasicController/images/baoman/baoman_01.gif HTTP/1.1" 404 168
0:0:0:0:0:0:0:1 - - [12/Dec/2017:19:56:57 +0800] "GET /GrabDomainBasicController/images/weixin.jpg HTTP/1.1" 404 158
0:0:0:0:0:0:0:1 - - [12/Dec/2017:19:56:57 +0800] "GET /GrabDomainBasicController/images/baoman/baoman_01.gif HTTP/1.1" 404 168
0:0:0:0:0:0:0:1 - - [12/Dec/2017:19:56:57 +0800] "GET /GrabDomainBasicController/images/weixin.jpg HTTP/1.1" 404 158
0:0:0:0:0:0:0:1 - - [12/Dec/2017:19:56:57 +0800] "GET /fonts/TaurusNormal.woff HTTP/1.1" 404 138
0:0:0:0:0:0:0:1 - - [12/Dec/2017:19:56:57 +0800] "GET /fonts/TaurusNormal.ttf HTTP/1.1" 404 137
0:0:0:0:0:0:0:1 - - [12/Dec/2017:19:56:59 +0800] "GET /GrabDomainProcedureController/getProcedureById?grabDomainBasicId=2 HTTP/1.1" 200 26768
0:0:0:0:0:0:0:1 - - [12/Dec/2017:19:56:59 +0800] "GET /GrabDomainProcedureController/images/baoman/baoman_01.gif HTTP/1.1" 404 172
0:0:0:0:0:0:0:1 - - [12/Dec/2017:19:56:59 +0800] "GET /GrabDomainProcedureController/images/weixin.jpg HTTP/1.1" 404 162
0:0:0:0:0:0:0:1 - - [12/Dec/2017:19:56:59 +0800] "GET /GrabDomainProcedureController/images/weixin.jpg HTTP/1.1" 404 162
0:0:0:0:0:0:0:1 - - [12/Dec/2017:19:56:59 +0800] "GET /GrabDomainProcedureController/images/baoman/baoman_01.gif HTTP/1.1" 404 172
0:0:0:0:0:0:0:1 - - [12/Dec/2017:19:56:59 +0800] "GET /fonts/TaurusNormal.woff HTTP/1.1" 404 138
0:0:0:0:0:0:0:1 - - [12/Dec/2017:19:56:59 +0800] "GET /fonts/TaurusNormal.ttf HTTP/1.1" 404 137
0:0:0:0:0:0:0:1 - - [12/Dec/2017:19:57:02 +0800] "GET /GrabDomainProcedureController/getProcedureInfoById?date1513079822010&id=1 HTTP/1.1" 200 492
0:0:0:0:0:0:0:1 - - [12/Dec/2017:19:57:06 +0800] "POST /GrabDomainProcedureController/putProcedureById HTTP/1.1" 302 -
0:0:0:0:0:0:0:1 - - [12/Dec/2017:19:57:06 +0800] "GET /GrabDomainProcedureController/getProcedureById?grabDomainBasicId=2 HTTP/1.1" 200 26773
0:0:0:0:0:0:0:1 - - [12/Dec/2017:19:57:06 +0800] "GET /GrabDomainProcedureController/images/baoman/baoman_01.gif HTTP/1.1" 404 172
0:0:0:0:0:0:0:1 - - [12/Dec/2017:19:57:06 +0800] "GET /GrabDomainProcedureController/images/weixin.jpg HTTP/1.1" 404 162
0:0:0:0:0:0:0:1 - - [12/Dec/2017:19:57:06 +0800] "GET /GrabDomainProcedureController/images/weixin.jpg HTTP/1.1" 404 162
0:0:0:0:0:0:0:1 - - [12/Dec/2017:19:57:06 +0800] "GET /GrabDomainProcedureController/images/baoman/baoman_01.gif HTTP/1.1" 404 172
0:0:0:0:0:0:0:1 - - [12/Dec/2017:19:57:06 +0800] "GET /fonts/TaurusNormal.woff HTTP/1.1" 404 138
0:0:0:0:0:0:0:1 - - [12/Dec/2017:19:57:06 +0800] "GET /fonts/TaurusNormal.ttf HTTP/1.1" 404 137
0:0:0:0:0:0:0:1 - - [12/Dec/2017:19:57:12 +0800] "POST /GrabDomainProcedureController/postNewProcedure HTTP/1.1" 302 -
0:0:0:0:0:0:0:1 - - [12/Dec/2017:19:57:12 +0800] "GET /GrabDomainProcedureController/getProcedureById?grabDomainBasicId=2 HTTP/1.1" 200 27708
0:0:0:0:0:0:0:1 - - [12/Dec/2017:19:57:12 +0800] "GET /GrabDomainProcedureController/images/weixin.jpg HTTP/1.1" 404 162
0:0:0:0:0:0:0:1 - - [12/Dec/2017:19:57:12 +0800] "GET /GrabDomainProcedureController/images/baoman/baoman_01.gif HTTP/1.1" 404 172
0:0:0:0:0:0:0:1 - - [12/Dec/2017:19:57:12 +0800] "GET /GrabDomainProcedureController/images/baoman/baoman_01.gif HTTP/1.1" 404 172
0:0:0:0:0:0:0:1 - - [12/Dec/2017:19:57:12 +0800] "GET /GrabDomainProcedureController/images/weixin.jpg HTTP/1.1" 404 162
0:0:0:0:0:0:0:1 - - [12/Dec/2017:19:57:12 +0800] "GET /fonts/TaurusNormal.woff HTTP/1.1" 404 138
0:0:0:0:0:0:0:1 - - [12/Dec/2017:19:57:12 +0800] "GET /fonts/TaurusNormal.ttf HTTP/1.1" 404 137
0:0:0:0:0:0:0:1 - - [12/Dec/2017:19:57:18 +0800] "GET /GrabDomainMethodController/getMethodById?grabDomainProcedureId=1 HTTP/1.1" 200 28752
0:0:0:0:0:0:0:1 - - [12/Dec/2017:19:57:18 +0800] "GET /GrabDomainMethodController/images/weixin.jpg HTTP/1.1" 404 159
0:0:0:0:0:0:0:1 - - [12/Dec/2017:19:57:18 +0800] "GET /GrabDomainMethodController/images/baoman/baoman_01.gif HTTP/1.1" 404 169
0:0:0:0:0:0:0:1 - - [12/Dec/2017:19:57:18 +0800] "GET /GrabDomainMethodController/images/weixin.jpg HTTP/1.1" 404 159
0:0:0:0:0:0:0:1 - - [12/Dec/2017:19:57:18 +0800] "GET /GrabDomainMethodController/images/baoman/baoman_01.gif HTTP/1.1" 404 169
0:0:0:0:0:0:0:1 - - [12/Dec/2017:19:57:18 +0800] "GET /fonts/TaurusNormal.woff HTTP/1.1" 404 138
0:0:0:0:0:0:0:1 - - [12/Dec/2017:19:57:18 +0800] "GET /fonts/TaurusNormal.ttf HTTP/1.1" 404 137
0:0:0:0:0:0:0:1 - - [12/Dec/2017:19:57:22 +0800] "GET /GrabDomainMethodController/getMehodByMehodId?date1513079842977&id=2 HTTP/1.1" 200 527
0:0:0:0:0:0:0:1 - - [12/Dec/2017:19:57:25 +0800] "POST /GrabDomainMethodController/putMethodById HTTP/1.1" 302 -
0:0:0:0:0:0:0:1 - - [12/Dec/2017:19:57:25 +0800] "GET /GrabDomainMethodController/getMethodById?grabDomainProcedureId=1 HTTP/1.1" 200 28755
0:0:0:0:0:0:0:1 - - [12/Dec/2017:19:57:25 +0800] "GET /GrabDomainMethodController/images/weixin.jpg HTTP/1.1" 404 159
0:0:0:0:0:0:0:1 - - [12/Dec/2017:19:57:25 +0800] "GET /GrabDomainMethodController/images/baoman/baoman_01.gif HTTP/1.1" 404 169
0:0:0:0:0:0:0:1 - - [12/Dec/2017:19:57:25 +0800] "GET /GrabDomainMethodController/images/weixin.jpg HTTP/1.1" 404 159
0:0:0:0:0:0:0:1 - - [12/Dec/2017:19:57:25 +0800] "GET /GrabDomainMethodController/images/baoman/baoman_01.gif HTTP/1.1" 404 169
0:0:0:0:0:0:0:1 - - [12/Dec/2017:19:57:25 +0800] "GET /fonts/TaurusNormal.woff HTTP/1.1" 404 138
0:0:0:0:0:0:0:1 - - [12/Dec/2017:19:57:25 +0800] "GET /fonts/TaurusNormal.ttf HTTP/1.1" 404 137
0:0:0:0:0:0:0:1 - - [12/Dec/2017:19:57:32 +0800] "POST /GrabDomainMethodController/postNewMethod HTTP/1.1" 302 -
0:0:0:0:0:0:0:1 - - [12/Dec/2017:19:57:32 +0800] "GET /GrabDomainMethodController/getMethodById?grabDomainProcedureId=1 HTTP/1.1" 200 29742
0:0:0:0:0:0:0:1 - - [12/Dec/2017:19:57:32 +0800] "GET /GrabDomainMethodController/images/baoman/baoman_01.gif HTTP/1.1" 404 169
0:0:0:0:0:0:0:1 - - [12/Dec/2017:19:57:32 +0800] "GET /GrabDomainMethodController/images/weixin.jpg HTTP/1.1" 404 159
0:0:0:0:0:0:0:1 - - [12/Dec/2017:19:57:32 +0800] "GET /GrabDomainMethodController/images/baoman/baoman_01.gif HTTP/1.1" 404 169
0:0:0:0:0:0:0:1 - - [12/Dec/2017:19:57:32 +0800] "GET /GrabDomainMethodController/images/weixin.jpg HTTP/1.1" 404 159
0:0:0:0:0:0:0:1 - - [12/Dec/2017:19:57:32 +0800] "GET /fonts/TaurusNormal.woff HTTP/1.1" 404 138
0:0:0:0:0:0:0:1 - - [12/Dec/2017:19:57:32 +0800] "GET /fonts/TaurusNormal.ttf HTTP/1.1" 404 137
0:0:0:0:0:0:0:1 - - [12/Dec/2017:19:57:35 +0800] "GET /GrabDomainMethodController/deleteMethodById?id=22&grabDomainProcedureId=1 HTTP/1.1" 302 -
0:0:0:0:0:0:0:1 - - [12/Dec/2017:19:57:35 +0800] "GET /GrabDomainMethodController/getMethodById?grabDomainProcedureId=1 HTTP/1.1" 200 28755
0:0:0:0:0:0:0:1 - - [12/Dec/2017:19:57:35 +0800] "GET /GrabDomainMethodController/images/baoman/baoman_01.gif HTTP/1.1" 404 169
0:0:0:0:0:0:0:1 - - [12/Dec/2017:19:57:35 +0800] "GET /GrabDomainMethodController/images/weixin.jpg HTTP/1.1" 404 159
0:0:0:0:0:0:0:1 - - [12/Dec/2017:19:57:35 +0800] "GET /GrabDomainMethodController/images/weixin.jpg HTTP/1.1" 404 159
0:0:0:0:0:0:0:1 - - [12/Dec/2017:19:57:35 +0800] "GET /GrabDomainMethodController/images/baoman/baoman_01.gif HTTP/1.1" 404 169
0:0:0:0:0:0:0:1 - - [12/Dec/2017:19:57:35 +0800] "GET /fonts/TaurusNormal.woff HTTP/1.1" 404 138
0:0:0:0:0:0:0:1 - - [12/Dec/2017:19:57:35 +0800] "GET /fonts/TaurusNormal.ttf HTTP/1.1" 404 137
0:0:0:0:0:0:0:1 - - [12/Dec/2017:19:57:40 +0800] "GET /GrabDomainProcedureController/deleteProcedureById?id=14&grabDomainBasicId=2 HTTP/1.1" 302 -
0:0:0:0:0:0:0:1 - - [12/Dec/2017:19:57:40 +0800] "GET /GrabDomainProcedureController/getProcedureById?grabDomainBasicId=2 HTTP/1.1" 200 26773
0:0:0:0:0:0:0:1 - - [12/Dec/2017:19:57:40 +0800] "GET /GrabDomainProcedureController/images/weixin.jpg HTTP/1.1" 404 162
0:0:0:0:0:0:0:1 - - [12/Dec/2017:19:57:40 +0800] "GET /GrabDomainProcedureController/images/baoman/baoman_01.gif HTTP/1.1" 404 172
0:0:0:0:0:0:0:1 - - [12/Dec/2017:19:57:40 +0800] "GET /GrabDomainProcedureController/images/baoman/baoman_01.gif HTTP/1.1" 404 172
0:0:0:0:0:0:0:1 - - [12/Dec/2017:19:57:40 +0800] "GET /GrabDomainProcedureController/images/weixin.jpg HTTP/1.1" 404 162
0:0:0:0:0:0:0:1 - - [12/Dec/2017:19:57:40 +0800] "GET /fonts/TaurusNormal.woff HTTP/1.1" 404 138
0:0:0:0:0:0:0:1 - - [12/Dec/2017:19:57:40 +0800] "GET /fonts/TaurusNormal.ttf HTTP/1.1" 404 137
